This is pdfTeX, Version 3.1415926-2.5-1.40.14 (MiKTeX 2.9) (preloaded format=pdflatex 2013.12.8)  2 JUN 2015 14:17
entering extended mode
**D:/git_repositories/PhD/paper_1/content.tex
(D:/git_repositories/PhD/paper_1/content.tex
LaTeX2e <2011/06/27>
Babel <v3.8m> and hyphenation patterns for english, afrikaans, ancientgreek, ar
abic, armenian, assamese, basque, bengali, bokmal, bulgarian, catalan, coptic, 
croatian, czech, danish, dutch, esperanto, estonian, farsi, finnish, french, ga
lician, german, german-x-2013-05-26, greek, gujarati, hindi, hungarian, iceland
ic, indonesian, interlingua, irish, italian, kannada, kurmanji, latin, latvian,
 lithuanian, malayalam, marathi, mongolian, mongolianlmc, monogreek, ngerman, n
german-x-2013-05-26, nynorsk, oriya, panjabi, pinyin, polish, portuguese, roman
ian, russian, sanskrit, serbian, slovak, slovenian, spanish, swedish, swissgerm
an, tamil, telugu, turkish, turkmen, ukenglish, ukrainian, uppersorbian, usengl
ishmax, welsh, loaded.

! LaTeX Error: Missing \begin{document}.

See the LaTeX manual or LaTeX Companion for explanation.
Type  H <return>  for immediate help.
 ...                                              
                                                  
l.1 $
     N_{born}$  - число световых фотонов, родившихся в сцинтилляторе.
You're in trouble here.  Try typing  <return>  to proceed.
If that doesn't work, type  X <return>  to quit.

LaTeX Font Info:    External font `cmex10' loaded for size
(Font)              <7> on input line 1.
LaTeX Font Info:    External font `cmex10' loaded for size
(Font)              <5> on input line 1.
Missing character: There is no - in font nullfont!
Missing character: There is no ч in font nullfont!
Missing character: There is no и in font nullfont!
Missing character: There is no с in font nullfont!
Missing character: There is no л in font nullfont!
Missing character: There is no о in font nullfont!
Missing character: There is no с in font nullfont!
Missing character: There is no в in font nullfont!
Missing character: There is no е in font nullfont!
Missing character: There is no т in font nullfont!
Missing character: There is no о in font nullfont!
Missing character: There is no в in font nullfont!
Missing character: There is no ы in font nullfont!
Missing character: There is no х in font nullfont!
Missing character: There is no ф in font nullfont!
Missing character: There is no о in font nullfont!
Missing character: There is no т in font nullfont!
Missing character: There is no о in font nullfont!
Missing character: There is no н in font nullfont!
Missing character: There is no о in font nullfont!
Missing character: There is no в in font nullfont!
Missing character: There is no , in font nullfont!
Missing character: There is no р in font nullfont!
Missing character: There is no о in font nullfont!
Missing character: There is no д in font nullfont!
Missing character: There is no и in font nullfont!
Missing character: There is no в in font nullfont!
Missing character: There is no ш in font nullfont!
Missing character: There is no и in font nullfont!
Missing character: There is no х in font nullfont!
Missing character: There is no с in font nullfont!
Missing character: There is no я in font nullfont!
Missing character: There is no в in font nullfont!
Missing character: There is no с in font nullfont!
Missing character: There is no ц in font nullfont!
Missing character: There is no и in font nullfont!
Missing character: There is no н in font nullfont!
Missing character: There is no т in font nullfont!
Missing character: There is no и in font nullfont!
Missing character: There is no л in font nullfont!
Missing character: There is no л in font nullfont!
Missing character: There is no я in font nullfont!
Missing character: There is no т in font nullfont!
Missing character: There is no о in font nullfont!
Missing character: There is no р in font nullfont!
Missing character: There is no е in font nullfont!
Missing character: There is no . in font nullfont!

Overfull \hbox (44.87018pt too wide) in paragraph at lines 1--2
[][]$\OML/cmm/m/it/10 N[]$
 []


! LaTeX Error: Missing \begin{document}.

See the LaTeX manual or LaTeX Companion for explanation.
Type  H <return>  for immediate help.
 ...                                              
                                                  
l.3 $
     N_{cath_abs}$ - число световых фотонов, поглощенных в фотокатоде
You're in trouble here.  Try typing  <return>  to proceed.
If that doesn't work, type  X <return>  to quit.

Missing character: There is no - in font nullfont!
Missing character: There is no ч in font nullfont!
Missing character: There is no и in font nullfont!
Missing character: There is no с in font nullfont!
Missing character: There is no л in font nullfont!
Missing character: There is no о in font nullfont!
Missing character: There is no с in font nullfont!
Missing character: There is no в in font nullfont!
Missing character: There is no е in font nullfont!
Missing character: There is no т in font nullfont!
Missing character: There is no о in font nullfont!
Missing character: There is no в in font nullfont!
Missing character: There is no ы in font nullfont!
Missing character: There is no х in font nullfont!
Missing character: There is no ф in font nullfont!
Missing character: There is no о in font nullfont!
Missing character: There is no т in font nullfont!
Missing character: There is no о in font nullfont!
Missing character: There is no н in font nullfont!
Missing character: There is no о in font nullfont!
Missing character: There is no в in font nullfont!
Missing character: There is no , in font nullfont!
Missing character: There is no п in font nullfont!
Missing character: There is no о in font nullfont!
Missing character: There is no г in font nullfont!
Missing character: There is no л in font nullfont!
Missing character: There is no о in font nullfont!
Missing character: There is no щ in font nullfont!
Missing character: There is no е in font nullfont!
Missing character: There is no н in font nullfont!
Missing character: There is no н in font nullfont!
Missing character: There is no ы in font nullfont!
Missing character: There is no х in font nullfont!
Missing character: There is no в in font nullfont!
Missing character: There is no ф in font nullfont!
Missing character: There is no о in font nullfont!
Missing character: There is no т in font nullfont!
Missing character: There is no о in font nullfont!
Missing character: There is no к in font nullfont!
Missing character: There is no а in font nullfont!
Missing character: There is no т in font nullfont!
Missing character: There is no о in font nullfont!
Missing character: There is no д in font nullfont!
Missing character: There is no е in font nullfont!

Overfull \hbox (55.81183pt too wide) in paragraph at lines 3--4
[][]$\OML/cmm/m/it/10 N[]$
 []


! LaTeX Error: Missing \begin{document}.

See the LaTeX manual or LaTeX Companion for explanation.
Type  H <return>  for immediate help.
 ...                                              
                                                  
l.5 $
     N_{p.e.}$ - число зарегистрированных фотоэлектронов
You're in trouble here.  Try typing  <return>  to proceed.
If that doesn't work, type  X <return>  to quit.

Missing character: There is no - in font nullfont!
Missing character: There is no ч in font nullfont!
Missing character: There is no и in font nullfont!
Missing character: There is no с in font nullfont!
Missing character: There is no л in font nullfont!
Missing character: There is no о in font nullfont!
Missing character: There is no з in font nullfont!
Missing character: There is no а in font nullfont!
Missing character: There is no р in font nullfont!
Missing character: There is no е in font nullfont!
Missing character: There is no г in font nullfont!
Missing character: There is no и in font nullfont!
Missing character: There is no с in font nullfont!
Missing character: There is no т in font nullfont!
Missing character: There is no р in font nullfont!
Missing character: There is no и in font nullfont!
Missing character: There is no р in font nullfont!
Missing character: There is no о in font nullfont!
Missing character: There is no в in font nullfont!
Missing character: There is no а in font nullfont!
Missing character: There is no н in font nullfont!
Missing character: There is no н in font nullfont!
Missing character: There is no ы in font nullfont!
Missing character: There is no х in font nullfont!
Missing character: There is no ф in font nullfont!
Missing character: There is no о in font nullfont!
Missing character: There is no т in font nullfont!
Missing character: There is no о in font nullfont!
Missing character: There is no э in font nullfont!
Missing character: There is no л in font nullfont!
Missing character: There is no е in font nullfont!
Missing character: There is no к in font nullfont!
Missing character: There is no т in font nullfont!
Missing character: There is no р in font nullfont!
Missing character: There is no о in font nullfont!
Missing character: There is no н in font nullfont!
Missing character: There is no о in font nullfont!
Missing character: There is no в in font nullfont!

Overfull \hbox (41.20117pt too wide) in paragraph at lines 5--6
[][]$\OML/cmm/m/it/10 N[]$
 []


! LaTeX Error: Missing \begin{document}.

See the LaTeX manual or LaTeX Companion for explanation.
Type  H <return>  for immediate help.
 ...                                              
                                                  
l.7 $
     N_{e}$ - число электронов, собранных на последнем аноде ФЭУ
You're in trouble here.  Try typing  <return>  to proceed.
If that doesn't work, type  X <return>  to quit.

Missing character: There is no - in font nullfont!
Missing character: There is no ч in font nullfont!
Missing character: There is no и in font nullfont!
Missing character: There is no с in font nullfont!
Missing character: There is no л in font nullfont!
Missing character: There is no о in font nullfont!
Missing character: There is no э in font nullfont!
Missing character: There is no л in font nullfont!
Missing character: There is no е in font nullfont!
Missing character: There is no к in font nullfont!
Missing character: There is no т in font nullfont!
Missing character: There is no р in font nullfont!
Missing character: There is no о in font nullfont!
Missing character: There is no н in font nullfont!
Missing character: There is no о in font nullfont!
Missing character: There is no в in font nullfont!
Missing character: There is no , in font nullfont!
Missing character: There is no с in font nullfont!
Missing character: There is no о in font nullfont!
Missing character: There is no б in font nullfont!
Missing character: There is no р in font nullfont!
Missing character: There is no а in font nullfont!
Missing character: There is no н in font nullfont!
Missing character: There is no н in font nullfont!
Missing character: There is no ы in font nullfont!
Missing character: There is no х in font nullfont!
Missing character: There is no н in font nullfont!
Missing character: There is no а in font nullfont!
Missing character: There is no п in font nullfont!
Missing character: There is no о in font nullfont!
Missing character: There is no с in font nullfont!
Missing character: There is no л in font nullfont!
Missing character: There is no е in font nullfont!
Missing character: There is no д in font nullfont!
Missing character: There is no н in font nullfont!
Missing character: There is no е in font nullfont!
Missing character: There is no м in font nullfont!
Missing character: There is no а in font nullfont!
Missing character: There is no н in font nullfont!
Missing character: There is no о in font nullfont!
Missing character: There is no д in font nullfont!
Missing character: There is no е in font nullfont!
Missing character: There is no Ф in font nullfont!
Missing character: There is no Э in font nullfont!
Missing character: There is no У in font nullfont!

Overfull \hbox (32.32883pt too wide) in paragraph at lines 7--8
[][]$\OML/cmm/m/it/10 N[]$
 []


! LaTeX Error: Missing \begin{document}.

See the LaTeX manual or LaTeX Companion for explanation.
Type  H <return>  for immediate help.
 ...                                              
                                                  
l.9 В
     се эти величины связаны следующими соотношениями:
You're in trouble here.  Try typing  <return>  to proceed.
If that doesn't work, type  X <return>  to quit.

Missing character: There is no В in font nullfont!
Missing character: There is no с in font nullfont!
Missing character: There is no е in font nullfont!
Missing character: There is no э in font nullfont!
Missing character: There is no т in font nullfont!
Missing character: There is no и in font nullfont!
Missing character: There is no в in font nullfont!
Missing character: There is no е in font nullfont!
Missing character: There is no л in font nullfont!
Missing character: There is no и in font nullfont!
Missing character: There is no ч in font nullfont!
Missing character: There is no и in font nullfont!
Missing character: There is no н in font nullfont!
Missing character: There is no ы in font nullfont!
Missing character: There is no с in font nullfont!
Missing character: There is no в in font nullfont!
Missing character: There is no я in font nullfont!
Missing character: There is no з in font nullfont!
Missing character: There is no а in font nullfont!
Missing character: There is no н in font nullfont!
Missing character: There is no ы in font nullfont!
Missing character: There is no с in font nullfont!
Missing character: There is no л in font nullfont!
Missing character: There is no е in font nullfont!
Missing character: There is no д in font nullfont!
Missing character: There is no у in font nullfont!
Missing character: There is no ю in font nullfont!
Missing character: There is no щ in font nullfont!
Missing character: There is no и in font nullfont!
Missing character: There is no м in font nullfont!
Missing character: There is no и in font nullfont!
Missing character: There is no с in font nullfont!
Missing character: There is no о in font nullfont!
Missing character: There is no о in font nullfont!
Missing character: There is no т in font nullfont!
Missing character: There is no н in font nullfont!
Missing character: There is no о in font nullfont!
Missing character: There is no ш in font nullfont!
Missing character: There is no е in font nullfont!
Missing character: There is no н in font nullfont!
Missing character: There is no и in font nullfont!
Missing character: There is no я in font nullfont!
Missing character: There is no м in font nullfont!
Missing character: There is no и in font nullfont!
Missing character: There is no : in font nullfont!

Overfull \hbox (20.0pt too wide) in paragraph at lines 9--10
[][]
 []


! LaTeX Error: Missing \begin{document}.

See the LaTeX manual or LaTeX Companion for explanation.
Type  H <return>  for immediate help.
 ...                                              
                                                  
l.11 $
      $N_{cath_abs} = \sum \limits_{i=0}^{N_{born}} n_{cath_abs}$$
You're in trouble here.  Try typing  <return>  to proceed.
If that doesn't work, type  X <return>  to quit.


Overfull \hbox (20.0pt too wide) in paragraph at lines 11--11
[][] 
 []


Overfull \hbox (106.03992pt too wide) detected at line 11
\OML/cmm/m/it/10 N[] \OT1/cmr/m/n/10 = [] \OML/cmm/m/it/10 n[]
 []


! LaTeX Error: Missing \begin{document}.

See the LaTeX manual or LaTeX Companion for explanation.
Type  H <return>  for immediate help.
 ...                                              
                                                  
l.13 $
      $N_{p.e.} = \sum \limits_{i=0}^{N_{cath_abs}} n_{p.e.}$$
You're in trouble here.  Try typing  <return>  to proceed.
If that doesn't work, type  X <return>  to quit.


Overfull \hbox (20.0pt too wide) in paragraph at lines 13--13
[][] 
 []


Overfull \hbox (87.16881pt too wide) detected at line 13
\OML/cmm/m/it/10 N[] \OT1/cmr/m/n/10 = [] \OML/cmm/m/it/10 n[]
 []


! LaTeX Error: Missing \begin{document}.

See the LaTeX manual or LaTeX Companion for explanation.
Type  H <return>  for immediate help.
 ...                                              
                                                  
l.15 $
      $N_{e} = \sum \limits_{i=0}^{N_{p.e.}} G$$
You're in trouble here.  Try typing  <return>  to proceed.
If that doesn't work, type  X <return>  to quit.


Overfull \hbox (20.0pt too wide) in paragraph at lines 15--15
[][] 
 []


Overfull \hbox (53.69223pt too wide) detected at line 15
\OML/cmm/m/it/10 N[] \OT1/cmr/m/n/10 = [] \OML/cmm/m/it/10 G
 []


! LaTeX Error: Missing \begin{document}.

See the LaTeX manual or LaTeX Companion for explanation.
Type  H <return>  for immediate help.
 ...                                              
                                                  
l.17 $
      n_{cath_abs}$ - число световых фотонов, поглощенных в фотокатоде, если...

You're in trouble here.  Try typing  <return>  to proceed.
If that doesn't work, type  X <return>  to quit.

Missing character: There is no - in font nullfont!
Missing character: There is no ч in font nullfont!
Missing character: There is no и in font nullfont!
Missing character: There is no с in font nullfont!
Missing character: There is no л in font nullfont!
Missing character: There is no о in font nullfont!
Missing character: There is no с in font nullfont!
Missing character: There is no в in font nullfont!
Missing character: There is no е in font nullfont!
Missing character: There is no т in font nullfont!
Missing character: There is no о in font nullfont!
Missing character: There is no в in font nullfont!
Missing character: There is no ы in font nullfont!
Missing character: There is no х in font nullfont!
Missing character: There is no ф in font nullfont!
Missing character: There is no о in font nullfont!
Missing character: There is no т in font nullfont!
Missing character: There is no о in font nullfont!
Missing character: There is no н in font nullfont!
Missing character: There is no о in font nullfont!
Missing character: There is no в in font nullfont!
Missing character: There is no , in font nullfont!
Missing character: There is no п in font nullfont!
Missing character: There is no о in font nullfont!
Missing character: There is no г in font nullfont!
Missing character: There is no л in font nullfont!
Missing character: There is no о in font nullfont!
Missing character: There is no щ in font nullfont!
Missing character: There is no е in font nullfont!
Missing character: There is no н in font nullfont!
Missing character: There is no н in font nullfont!
Missing character: There is no ы in font nullfont!
Missing character: There is no х in font nullfont!
Missing character: There is no в in font nullfont!
Missing character: There is no ф in font nullfont!
Missing character: There is no о in font nullfont!
Missing character: There is no т in font nullfont!
Missing character: There is no о in font nullfont!
Missing character: There is no к in font nullfont!
Missing character: There is no а in font nullfont!
Missing character: There is no т in font nullfont!
Missing character: There is no о in font nullfont!
Missing character: There is no д in font nullfont!
Missing character: There is no е in font nullfont!
Missing character: There is no , in font nullfont!
Missing character: There is no е in font nullfont!
Missing character: There is no с in font nullfont!
Missing character: There is no л in font nullfont!
Missing character: There is no и in font nullfont!
Missing character: There is no в in font nullfont!
Missing character: There is no с in font nullfont!
Missing character: There is no ц in font nullfont!
Missing character: There is no и in font nullfont!
Missing character: There is no н in font nullfont!
Missing character: There is no т in font nullfont!
Missing character: There is no и in font nullfont!
Missing character: There is no л in font nullfont!
Missing character: There is no л in font nullfont!
Missing character: There is no я in font nullfont!
Missing character: There is no т in font nullfont!
Missing character: There is no о in font nullfont!
Missing character: There is no р in font nullfont!
Missing character: There is no е in font nullfont!
Missing character: There is no р in font nullfont!
Missing character: There is no о in font nullfont!
Missing character: There is no д in font nullfont!
Missing character: There is no и in font nullfont!
Missing character: There is no л in font nullfont!
Missing character: There is no с in font nullfont!
Missing character: There is no я in font nullfont!
Missing character: There is no о in font nullfont!
Missing character: There is no д in font nullfont!
Missing character: There is no и in font nullfont!
Missing character: There is no н in font nullfont!
Missing character: There is no с in font nullfont!
Missing character: There is no в in font nullfont!
Missing character: There is no е in font nullfont!
Missing character: There is no т in font nullfont!
Missing character: There is no о in font nullfont!
Missing character: There is no в in font nullfont!
Missing character: There is no о in font nullfont!
Missing character: There is no й in font nullfont!
Missing character: There is no ф in font nullfont!
Missing character: There is no о in font nullfont!
Missing character: There is no т in font nullfont!
Missing character: There is no о in font nullfont!
Missing character: There is no н in font nullfont!

Overfull \hbox (53.77946pt too wide) in paragraph at lines 17--18
[][]$\OML/cmm/m/it/10 n[]$
 []


! LaTeX Error: Missing \begin{document}.

See the LaTeX manual or LaTeX Companion for explanation.
Type  H <return>  for immediate help.
 ...                                              
                                                  
l.19 $
      n_{p.e.}$ - число зарегистрированных фотоэлектронов, если в фотокатоде...

You're in trouble here.  Try typing  <return>  to proceed.
If that doesn't work, type  X <return>  to quit.

Missing character: There is no - in font nullfont!
Missing character: There is no ч in font nullfont!
Missing character: There is no и in font nullfont!
Missing character: There is no с in font nullfont!
Missing character: There is no л in font nullfont!
Missing character: There is no о in font nullfont!
Missing character: There is no з in font nullfont!
Missing character: There is no а in font nullfont!
Missing character: There is no р in font nullfont!
Missing character: There is no е in font nullfont!
Missing character: There is no г in font nullfont!
Missing character: There is no и in font nullfont!
Missing character: There is no с in font nullfont!
Missing character: There is no т in font nullfont!
Missing character: There is no р in font nullfont!
Missing character: There is no и in font nullfont!
Missing character: There is no р in font nullfont!
Missing character: There is no о in font nullfont!
Missing character: There is no в in font nullfont!
Missing character: There is no а in font nullfont!
Missing character: There is no н in font nullfont!
Missing character: There is no н in font nullfont!
Missing character: There is no ы in font nullfont!
Missing character: There is no х in font nullfont!
Missing character: There is no ф in font nullfont!
Missing character: There is no о in font nullfont!
Missing character: There is no т in font nullfont!
Missing character: There is no о in font nullfont!
Missing character: There is no э in font nullfont!
Missing character: There is no л in font nullfont!
Missing character: There is no е in font nullfont!
Missing character: There is no к in font nullfont!
Missing character: There is no т in font nullfont!
Missing character: There is no р in font nullfont!
Missing character: There is no о in font nullfont!
Missing character: There is no н in font nullfont!
Missing character: There is no о in font nullfont!
Missing character: There is no в in font nullfont!
Missing character: There is no , in font nullfont!
Missing character: There is no е in font nullfont!
Missing character: There is no с in font nullfont!
Missing character: There is no л in font nullfont!
Missing character: There is no и in font nullfont!
Missing character: There is no в in font nullfont!
Missing character: There is no ф in font nullfont!
Missing character: There is no о in font nullfont!
Missing character: There is no т in font nullfont!
Missing character: There is no о in font nullfont!
Missing character: There is no к in font nullfont!
Missing character: There is no а in font nullfont!
Missing character: There is no т in font nullfont!
Missing character: There is no о in font nullfont!
Missing character: There is no д in font nullfont!
Missing character: There is no е in font nullfont!
Missing character: There is no п in font nullfont!
Missing character: There is no о in font nullfont!
Missing character: There is no г in font nullfont!
Missing character: There is no л in font nullfont!
Missing character: There is no о in font nullfont!
Missing character: There is no т in font nullfont!
Missing character: There is no и in font nullfont!
Missing character: There is no л in font nullfont!
Missing character: There is no с in font nullfont!
Missing character: There is no я in font nullfont!
Missing character: There is no о in font nullfont!
Missing character: There is no д in font nullfont!
Missing character: There is no и in font nullfont!
Missing character: There is no н in font nullfont!
Missing character: There is no с in font nullfont!
Missing character: There is no в in font nullfont!
Missing character: There is no е in font nullfont!
Missing character: There is no т in font nullfont!
Missing character: There is no о in font nullfont!
Missing character: There is no в in font nullfont!
Missing character: There is no о in font nullfont!
Missing character: There is no й in font nullfont!
Missing character: There is no ф in font nullfont!
Missing character: There is no о in font nullfont!
Missing character: There is no т in font nullfont!
Missing character: There is no о in font nullfont!
Missing character: There is no н in font nullfont!

Overfull \hbox (39.16881pt too wide) in paragraph at lines 19--20
[][]$\OML/cmm/m/it/10 n[]$
 []


! LaTeX Error: Missing \begin{document}.

See the LaTeX manual or LaTeX Companion for explanation.
Type  H <return>  for immediate help.
 ...                                              
                                                  
l.21 $
      G$ - число электронов, собранных на ФЭУ, при условии, что родился один...

You're in trouble here.  Try typing  <return>  to proceed.
If that doesn't work, type  X <return>  to quit.

Missing character: There is no - in font nullfont!
Missing character: There is no ч in font nullfont!
Missing character: There is no и in font nullfont!
Missing character: There is no с in font nullfont!
Missing character: There is no л in font nullfont!
Missing character: There is no о in font nullfont!
Missing character: There is no э in font nullfont!
Missing character: There is no л in font nullfont!
Missing character: There is no е in font nullfont!
Missing character: There is no к in font nullfont!
Missing character: There is no т in font nullfont!
Missing character: There is no р in font nullfont!
Missing character: There is no о in font nullfont!
Missing character: There is no н in font nullfont!
Missing character: There is no о in font nullfont!
Missing character: There is no в in font nullfont!
Missing character: There is no , in font nullfont!
Missing character: There is no с in font nullfont!
Missing character: There is no о in font nullfont!
Missing character: There is no б in font nullfont!
Missing character: There is no р in font nullfont!
Missing character: There is no а in font nullfont!
Missing character: There is no н in font nullfont!
Missing character: There is no н in font nullfont!
Missing character: There is no ы in font nullfont!
Missing character: There is no х in font nullfont!
Missing character: There is no н in font nullfont!
Missing character: There is no а in font nullfont!
Missing character: There is no Ф in font nullfont!
Missing character: There is no Э in font nullfont!
Missing character: There is no У in font nullfont!
Missing character: There is no , in font nullfont!
Missing character: There is no п in font nullfont!
Missing character: There is no р in font nullfont!
Missing character: There is no и in font nullfont!
Missing character: There is no у in font nullfont!
Missing character: There is no с in font nullfont!
Missing character: There is no л in font nullfont!
Missing character: There is no о in font nullfont!
Missing character: There is no в in font nullfont!
Missing character: There is no и in font nullfont!
Missing character: There is no и in font nullfont!
Missing character: There is no , in font nullfont!
Missing character: There is no ч in font nullfont!
Missing character: There is no т in font nullfont!
Missing character: There is no о in font nullfont!
Missing character: There is no р in font nullfont!
Missing character: There is no о in font nullfont!
Missing character: There is no д in font nullfont!
Missing character: There is no и in font nullfont!
Missing character: There is no л in font nullfont!
Missing character: There is no с in font nullfont!
Missing character: There is no я in font nullfont!
Missing character: There is no о in font nullfont!
Missing character: There is no д in font nullfont!
Missing character: There is no и in font nullfont!
Missing character: There is no н in font nullfont!
Missing character: There is no ф in font nullfont!
Missing character: There is no о in font nullfont!
Missing character: There is no т in font nullfont!
Missing character: There is no о in font nullfont!
Missing character: There is no э in font nullfont!
Missing character: There is no л in font nullfont!
Missing character: There is no е in font nullfont!
Missing character: There is no к in font nullfont!
Missing character: There is no т in font nullfont!
Missing character: There is no р in font nullfont!
Missing character: There is no о in font nullfont!
Missing character: There is no н in font nullfont!

Overfull \hbox (27.86249pt too wide) in paragraph at lines 21--22
[][]$\OML/cmm/m/it/10 G$
 []


! LaTeX Error: Missing \begin{document}.

See the LaTeX manual or LaTeX Companion for explanation.
Type  H <return>  for immediate help.
 ...                                              
                                                  
l.23 В
       процессе измерений мы регистрируем число электронов $N_{e}$. Энергети...

You're in trouble here.  Try typing  <return>  to proceed.
If that doesn't work, type  X <return>  to quit.

Missing character: There is no В in font nullfont!
Missing character: There is no п in font nullfont!
Missing character: There is no р in font nullfont!
Missing character: There is no о in font nullfont!
Missing character: There is no ц in font nullfont!
Missing character: There is no е in font nullfont!
Missing character: There is no с in font nullfont!
Missing character: There is no с in font nullfont!
Missing character: There is no е in font nullfont!
Missing character: There is no и in font nullfont!
Missing character: There is no з in font nullfont!
Missing character: There is no м in font nullfont!
Missing character: There is no е in font nullfont!
Missing character: There is no р in font nullfont!
Missing character: There is no е in font nullfont!
Missing character: There is no н in font nullfont!
Missing character: There is no и in font nullfont!
Missing character: There is no й in font nullfont!
Missing character: There is no м in font nullfont!
Missing character: There is no ы in font nullfont!
Missing character: There is no р in font nullfont!
Missing character: There is no е in font nullfont!
Missing character: There is no г in font nullfont!
Missing character: There is no и in font nullfont!
Missing character: There is no с in font nullfont!
Missing character: There is no т in font nullfont!
Missing character: There is no р in font nullfont!
Missing character: There is no и in font nullfont!
Missing character: There is no р in font nullfont!
Missing character: There is no у in font nullfont!
Missing character: There is no е in font nullfont!
Missing character: There is no м in font nullfont!
Missing character: There is no ч in font nullfont!
Missing character: There is no и in font nullfont!
Missing character: There is no с in font nullfont!
Missing character: There is no л in font nullfont!
Missing character: There is no о in font nullfont!
Missing character: There is no э in font nullfont!
Missing character: There is no л in font nullfont!
Missing character: There is no е in font nullfont!
Missing character: There is no к in font nullfont!
Missing character: There is no т in font nullfont!
Missing character: There is no р in font nullfont!
Missing character: There is no о in font nullfont!
Missing character: There is no н in font nullfont!
Missing character: There is no о in font nullfont!
Missing character: There is no в in font nullfont!
Missing character: There is no . in font nullfont!
Missing character: There is no Э in font nullfont!
Missing character: There is no н in font nullfont!
Missing character: There is no е in font nullfont!
Missing character: There is no р in font nullfont!
Missing character: There is no г in font nullfont!
Missing character: There is no е in font nullfont!
Missing character: There is no т in font nullfont!
Missing character: There is no и in font nullfont!
Missing character: There is no ч in font nullfont!
Missing character: There is no е in font nullfont!
Missing character: There is no с in font nullfont!
Missing character: There is no к in font nullfont!
Missing character: There is no о in font nullfont!
Missing character: There is no е in font nullfont!
Missing character: There is no р in font nullfont!
Missing character: There is no а in font nullfont!
Missing character: There is no з in font nullfont!
Missing character: There is no р in font nullfont!
Missing character: There is no е in font nullfont!
Missing character: There is no ш in font nullfont!
Missing character: There is no е in font nullfont!
Missing character: There is no н in font nullfont!
Missing character: There is no и in font nullfont!
Missing character: There is no е in font nullfont!
Missing character: There is no б in font nullfont!
Missing character: There is no у in font nullfont!
Missing character: There is no д in font nullfont!
Missing character: There is no е in font nullfont!
Missing character: There is no т in font nullfont!
Missing character: There is no о in font nullfont!
Missing character: There is no п in font nullfont!
Missing character: There is no р in font nullfont!
Missing character: There is no е in font nullfont!
Missing character: There is no д in font nullfont!
Missing character: There is no е in font nullfont!
Missing character: There is no л in font nullfont!
Missing character: There is no я in font nullfont!
Missing character: There is no т in font nullfont!
Missing character: There is no ь in font nullfont!
Missing character: There is no с in font nullfont!
Missing character: There is no я in font nullfont!
Missing character: There is no с in font nullfont!
Missing character: There is no л in font nullfont!
Missing character: There is no е in font nullfont!
Missing character: There is no д in font nullfont!
Missing character: There is no у in font nullfont!
Missing character: There is no ю in font nullfont!
Missing character: There is no щ in font nullfont!
Missing character: There is no и in font nullfont!
Missing character: There is no м in font nullfont!
Missing character: There is no о in font nullfont!
Missing character: There is no б in font nullfont!
Missing character: There is no р in font nullfont!
Missing character: There is no а in font nullfont!
Missing character: There is no з in font nullfont!
Missing character: There is no о in font nullfont!
Missing character: There is no м in font nullfont!
Missing character: There is no : in font nullfont!

Overfull \hbox (20.0pt too wide) in paragraph at lines 23--24
[][]
 []


Overfull \hbox (12.32883pt too wide) in paragraph at lines 23--24
\OML/cmm/m/it/10 N[]$
 []


Overfull \hbox (74.52966pt too wide) detected at line 24
\OML/cmm/m/it/10 E \OT1/cmr/m/n/10 = []
 []


! LaTeX Error: Missing \begin{document}.

See the LaTeX manual or LaTeX Companion for explanation.
Type  H <return>  for immediate help.
 ...                                              
                                                  
l.26 В
       дальнейшем более удобно будет использовать квадрат этой величины ${\d...

You're in trouble here.  Try typing  <return>  to proceed.
If that doesn't work, type  X <return>  to quit.

Missing character: There is no В in font nullfont!
Missing character: There is no д in font nullfont!
Missing character: There is no а in font nullfont!
Missing character: There is no л in font nullfont!
Missing character: There is no ь in font nullfont!
Missing character: There is no н in font nullfont!
Missing character: There is no е in font nullfont!
Missing character: There is no й in font nullfont!
Missing character: There is no ш in font nullfont!
Missing character: There is no е in font nullfont!
Missing character: There is no м in font nullfont!
Missing character: There is no б in font nullfont!
Missing character: There is no о in font nullfont!
Missing character: There is no л in font nullfont!
Missing character: There is no е in font nullfont!
Missing character: There is no е in font nullfont!
Missing character: There is no у in font nullfont!
Missing character: There is no д in font nullfont!
Missing character: There is no о in font nullfont!
Missing character: There is no б in font nullfont!
Missing character: There is no н in font nullfont!
Missing character: There is no о in font nullfont!
Missing character: There is no б in font nullfont!
Missing character: There is no у in font nullfont!
Missing character: There is no д in font nullfont!
Missing character: There is no е in font nullfont!
Missing character: There is no т in font nullfont!
Missing character: There is no и in font nullfont!
Missing character: There is no с in font nullfont!
Missing character: There is no п in font nullfont!
Missing character: There is no о in font nullfont!
Missing character: There is no л in font nullfont!
Missing character: There is no ь in font nullfont!
Missing character: There is no з in font nullfont!
Missing character: There is no о in font nullfont!
Missing character: There is no в in font nullfont!
Missing character: There is no а in font nullfont!
Missing character: There is no т in font nullfont!
Missing character: There is no ь in font nullfont!
Missing character: There is no к in font nullfont!
Missing character: There is no в in font nullfont!
Missing character: There is no а in font nullfont!
Missing character: There is no д in font nullfont!
Missing character: There is no р in font nullfont!
Missing character: There is no а in font nullfont!
Missing character: There is no т in font nullfont!
Missing character: There is no э in font nullfont!
Missing character: There is no т in font nullfont!
Missing character: There is no о in font nullfont!
Missing character: There is no й in font nullfont!
Missing character: There is no в in font nullfont!
Missing character: There is no е in font nullfont!
Missing character: There is no л in font nullfont!
Missing character: There is no и in font nullfont!
Missing character: There is no ч in font nullfont!
Missing character: There is no и in font nullfont!
Missing character: There is no н in font nullfont!
Missing character: There is no ы in font nullfont!
Missing character: There is no . in font nullfont!

Overfull \hbox (20.0pt too wide) in paragraph at lines 26--27
[][]
 []


Overfull \hbox (17.26735pt too wide) in paragraph at lines 26--27
[][]$ 
 []


! LaTeX Error: Missing \begin{document}.

See the LaTeX manual or LaTeX Companion for explanation.
Type  H <return>  for immediate help.
 ...                                              
                                                  
l.28 Ч
      тобы посчитать мат. ожидание и дисперсию величины, представляющей собо...

You're in trouble here.  Try typing  <return>  to proceed.
If that doesn't work, type  X <return>  to quit.

Missing character: There is no Ч in font nullfont!
Missing character: There is no т in font nullfont!
Missing character: There is no о in font nullfont!
Missing character: There is no б in font nullfont!
Missing character: There is no ы in font nullfont!
Missing character: There is no п in font nullfont!
Missing character: There is no о in font nullfont!
Missing character: There is no с in font nullfont!
Missing character: There is no ч in font nullfont!
Missing character: There is no и in font nullfont!
Missing character: There is no т in font nullfont!
Missing character: There is no а in font nullfont!
Missing character: There is no т in font nullfont!
Missing character: There is no ь in font nullfont!
Missing character: There is no м in font nullfont!
Missing character: There is no а in font nullfont!
Missing character: There is no т in font nullfont!
Missing character: There is no . in font nullfont!
Missing character: There is no о in font nullfont!
Missing character: There is no ж in font nullfont!
Missing character: There is no и in font nullfont!
Missing character: There is no д in font nullfont!
Missing character: There is no а in font nullfont!
Missing character: There is no н in font nullfont!
Missing character: There is no и in font nullfont!
Missing character: There is no е in font nullfont!
Missing character: There is no и in font nullfont!
Missing character: There is no д in font nullfont!
Missing character: There is no и in font nullfont!
Missing character: There is no с in font nullfont!
Missing character: There is no п in font nullfont!
Missing character: There is no е in font nullfont!
Missing character: There is no р in font nullfont!
Missing character: There is no с in font nullfont!
Missing character: There is no и in font nullfont!
Missing character: There is no ю in font nullfont!
Missing character: There is no в in font nullfont!
Missing character: There is no е in font nullfont!
Missing character: There is no л in font nullfont!
Missing character: There is no и in font nullfont!
Missing character: There is no ч in font nullfont!
Missing character: There is no и in font nullfont!
Missing character: There is no н in font nullfont!
Missing character: There is no ы in font nullfont!
Missing character: There is no , in font nullfont!
Missing character: There is no п in font nullfont!
Missing character: There is no р in font nullfont!
Missing character: There is no е in font nullfont!
Missing character: There is no д in font nullfont!
Missing character: There is no с in font nullfont!
Missing character: There is no т in font nullfont!
Missing character: There is no а in font nullfont!
Missing character: There is no в in font nullfont!
Missing character: There is no л in font nullfont!
Missing character: There is no я in font nullfont!
Missing character: There is no ю in font nullfont!
Missing character: There is no щ in font nullfont!
Missing character: There is no е in font nullfont!
Missing character: There is no й in font nullfont!
Missing character: There is no с in font nullfont!
Missing character: There is no о in font nullfont!
Missing character: There is no б in font nullfont!
Missing character: There is no о in font nullfont!
Missing character: There is no й in font nullfont!
Missing character: There is no с in font nullfont!
Missing character: There is no у in font nullfont!
Missing character: There is no м in font nullfont!
Missing character: There is no м in font nullfont!
Missing character: There is no у in font nullfont!
Missing character: There is no ф in font nullfont!
Missing character: There is no л in font nullfont!
Missing character: There is no у in font nullfont!
Missing character: There is no к in font nullfont!
Missing character: There is no т in font nullfont!
Missing character: There is no у in font nullfont!
Missing character: There is no и in font nullfont!
Missing character: There is no р in font nullfont!
Missing character: There is no у in font nullfont!
Missing character: There is no ю in font nullfont!
Missing character: There is no щ in font nullfont!
Missing character: There is no и in font nullfont!
Missing character: There is no х in font nullfont!
Missing character: There is no в in font nullfont!
Missing character: There is no е in font nullfont!
Missing character: There is no л in font nullfont!
Missing character: There is no и in font nullfont!
Missing character: There is no ч in font nullfont!
Missing character: There is no и in font nullfont!
Missing character: There is no н in font nullfont!
Missing character: There is no , in font nullfont!
Missing character: There is no г in font nullfont!
Missing character: There is no д in font nullfont!
Missing character: There is no е in font nullfont!
Missing character: There is no ч in font nullfont!
Missing character: There is no и in font nullfont!
Missing character: There is no с in font nullfont!
Missing character: There is no л in font nullfont!
Missing character: There is no о in font nullfont!
Missing character: There is no с in font nullfont!
Missing character: There is no л in font nullfont!
Missing character: There is no а in font nullfont!
Missing character: There is no г in font nullfont!
Missing character: There is no а in font nullfont!
Missing character: There is no е in font nullfont!
Missing character: There is no м in font nullfont!
Missing character: There is no ы in font nullfont!
Missing character: There is no х in font nullfont!
Missing character: There is no т in font nullfont!
Missing character: There is no о in font nullfont!
Missing character: There is no ж in font nullfont!
Missing character: There is no е in font nullfont!
Missing character: There is no я in font nullfont!
Missing character: There is no в in font nullfont!
Missing character: There is no л in font nullfont!
Missing character: There is no я in font nullfont!
Missing character: There is no е in font nullfont!
Missing character: There is no т in font nullfont!
Missing character: There is no с in font nullfont!
Missing character: There is no я in font nullfont!
Missing character: There is no с in font nullfont!
Missing character: There is no л in font nullfont!
Missing character: There is no у in font nullfont!
Missing character: There is no ч in font nullfont!
Missing character: There is no а in font nullfont!
Missing character: There is no й in font nullfont!
Missing character: There is no н in font nullfont!
Missing character: There is no о in font nullfont!
Missing character: There is no й in font nullfont!
Missing character: There is no в in font nullfont!
Missing character: There is no е in font nullfont!
Missing character: There is no л in font nullfont!
Missing character: There is no и in font nullfont!
Missing character: There is no ч in font nullfont!
Missing character: There is no и in font nullfont!
Missing character: There is no н in font nullfont!
Missing character: There is no о in font nullfont!
Missing character: There is no й in font nullfont!
Missing character: There is no , in font nullfont!
Missing character: There is no н in font nullfont!
Missing character: There is no е in font nullfont!
Missing character: There is no о in font nullfont!
Missing character: There is no б in font nullfont!
Missing character: There is no х in font nullfont!
Missing character: There is no о in font nullfont!
Missing character: There is no д in font nullfont!
Missing character: There is no и in font nullfont!
Missing character: There is no м in font nullfont!
Missing character: There is no о in font nullfont!
Missing character: There is no в in font nullfont!
Missing character: There is no о in font nullfont!
Missing character: There is no с in font nullfont!
Missing character: There is no п in font nullfont!
Missing character: There is no о in font nullfont!
Missing character: There is no л in font nullfont!
Missing character: There is no ь in font nullfont!
Missing character: There is no з in font nullfont!
Missing character: There is no о in font nullfont!
Missing character: There is no в in font nullfont!
Missing character: There is no а in font nullfont!
Missing character: There is no т in font nullfont!
Missing character: There is no ь in font nullfont!
Missing character: There is no с in font nullfont!
Missing character: There is no я in font nullfont!
Missing character: There is no т in font nullfont!
Missing character: There is no о in font nullfont!
Missing character: There is no ж in font nullfont!
Missing character: There is no д in font nullfont!
Missing character: There is no е in font nullfont!
Missing character: There is no с in font nullfont!
Missing character: There is no т in font nullfont!
Missing character: There is no в in font nullfont!
Missing character: There is no о in font nullfont!
Missing character: There is no м in font nullfont!
Missing character: There is no В in font nullfont!
Missing character: There is no а in font nullfont!
Missing character: There is no л in font nullfont!
Missing character: There is no ь in font nullfont!
Missing character: There is no д in font nullfont!
Missing character: There is no а in font nullfont!
Missing character: There is no . in font nullfont!
Missing character: There is no Д in font nullfont!
Missing character: There is no а in font nullfont!
Missing character: There is no н in font nullfont!
Missing character: There is no н in font nullfont!
Missing character: There is no о in font nullfont!
Missing character: There is no е in font nullfont!
Missing character: There is no т in font nullfont!
Missing character: There is no о in font nullfont!
Missing character: There is no ж in font nullfont!
Missing character: There is no д in font nullfont!
Missing character: There is no е in font nullfont!
Missing character: There is no с in font nullfont!
Missing character: There is no т in font nullfont!
Missing character: There is no в in font nullfont!
Missing character: There is no о in font nullfont!
Missing character: There is no у in font nullfont!
Missing character: There is no т in font nullfont!
Missing character: There is no в in font nullfont!
Missing character: There is no е in font nullfont!
Missing character: There is no р in font nullfont!
Missing character: There is no ж in font nullfont!
Missing character: There is no д in font nullfont!
Missing character: There is no а in font nullfont!
Missing character: There is no е in font nullfont!
Missing character: There is no т in font nullfont!
Missing character: There is no с in font nullfont!
Missing character: There is no л in font nullfont!
Missing character: There is no е in font nullfont!
Missing character: There is no д in font nullfont!
Missing character: There is no у in font nullfont!
Missing character: There is no ю in font nullfont!
Missing character: There is no щ in font nullfont!
Missing character: There is no е in font nullfont!
Missing character: There is no е in font nullfont!
Missing character: There is no : in font nullfont!

Overfull \hbox (20.0pt too wide) in paragraph at lines 28--30
[][]
 []


Overfull \hbox (112.57217pt too wide) detected at line 30
\OML/cmm/m/it/10 E [] \OT1/cmr/m/n/10 = \OML/cmm/m/it/10 E\OT1/cmr/m/n/10 [\OML
/cmm/m/it/10 N\OT1/cmr/m/n/10 ] \OMS/cmsy/m/n/10  \OML/cmm/m/it/10 E\OT1/cmr/m
/n/10 [\OML/cmm/m/it/10 X\OT1/cmr/m/n/10 ]
 []


! LaTeX Error: Missing \begin{document}.

See the LaTeX manual or LaTeX Companion for explanation.
Type  H <return>  for immediate help.
 ...                                              
                                                  
l.32 К
      ак следствие этого тождества получаем выражение для дисперсии:
You're in trouble here.  Try typing  <return>  to proceed.
If that doesn't work, type  X <return>  to quit.

Missing character: There is no К in font nullfont!
Missing character: There is no а in font nullfont!
Missing character: There is no к in font nullfont!
Missing character: There is no с in font nullfont!
Missing character: There is no л in font nullfont!
Missing character: There is no е in font nullfont!
Missing character: There is no д in font nullfont!
Missing character: There is no с in font nullfont!
Missing character: There is no т in font nullfont!
Missing character: There is no в in font nullfont!
Missing character: There is no и in font nullfont!
Missing character: There is no е in font nullfont!
Missing character: There is no э in font nullfont!
Missing character: There is no т in font nullfont!
Missing character: There is no о in font nullfont!
Missing character: There is no г in font nullfont!
Missing character: There is no о in font nullfont!
Missing character: There is no т in font nullfont!
Missing character: There is no о in font nullfont!
Missing character: There is no ж in font nullfont!
Missing character: There is no д in font nullfont!
Missing character: There is no е in font nullfont!
Missing character: There is no с in font nullfont!
Missing character: There is no т in font nullfont!
Missing character: There is no в in font nullfont!
Missing character: There is no а in font nullfont!
Missing character: There is no п in font nullfont!
Missing character: There is no о in font nullfont!
Missing character: There is no л in font nullfont!
Missing character: There is no у in font nullfont!
Missing character: There is no ч in font nullfont!
Missing character: There is no а in font nullfont!
Missing character: There is no е in font nullfont!
Missing character: There is no м in font nullfont!
Missing character: There is no в in font nullfont!
Missing character: There is no ы in font nullfont!
Missing character: There is no р in font nullfont!
Missing character: There is no а in font nullfont!
Missing character: There is no ж in font nullfont!
Missing character: There is no е in font nullfont!
Missing character: There is no н in font nullfont!
Missing character: There is no и in font nullfont!
Missing character: There is no е in font nullfont!
Missing character: There is no д in font nullfont!
Missing character: There is no л in font nullfont!
Missing character: There is no я in font nullfont!
Missing character: There is no д in font nullfont!
Missing character: There is no и in font nullfont!
Missing character: There is no с in font nullfont!
Missing character: There is no п in font nullfont!
Missing character: There is no е in font nullfont!
Missing character: There is no р in font nullfont!
Missing character: There is no с in font nullfont!
Missing character: There is no и in font nullfont!
Missing character: There is no и in font nullfont!
Missing character: There is no : in font nullfont!

Overfull \hbox (20.0pt too wide) in paragraph at lines 32--33
[][]
 []


Overfull \hbox (213.35359pt too wide) detected at line 33
\OML/cmm/m/it/10 Var [] \OT1/cmr/m/n/10 = \OML/cmm/m/it/10 Var\OT1/cmr/m/n/10 [
\OML/cmm/m/it/10 N\OT1/cmr/m/n/10 ] \OMS/cmsy/m/n/10  \OT1/cmr/m/n/10 (\OML/cm
m/m/it/10 E\OT1/cmr/m/n/10 [\OML/cmm/m/it/10 X\OT1/cmr/m/n/10 ])[] + \OML/cmm/m
/it/10 Var\OT1/cmr/m/n/10 [\OML/cmm/m/it/10 X\OT1/cmr/m/n/10 ] \OMS/cmsy/m/n/10
  \OML/cmm/m/it/10 E\OT1/cmr/m/n/10 [\OML/cmm/m/it/10 N\OT1/cmr/m/n/10 ]
 []


! LaTeX Error: Missing \begin{document}.

See the LaTeX manual or LaTeX Companion for explanation.
Type  H <return>  for immediate help.
 ...                                              
                                                  
l.35 В
      оспользовавшись этими двумя выражениями, выразим квадрат энергетическо...

You're in trouble here.  Try typing  <return>  to proceed.
If that doesn't work, type  X <return>  to quit.

Missing character: There is no В in font nullfont!
Missing character: There is no о in font nullfont!
Missing character: There is no с in font nullfont!
Missing character: There is no п in font nullfont!
Missing character: There is no о in font nullfont!
Missing character: There is no л in font nullfont!
Missing character: There is no ь in font nullfont!
Missing character: There is no з in font nullfont!
Missing character: There is no о in font nullfont!
Missing character: There is no в in font nullfont!
Missing character: There is no а in font nullfont!
Missing character: There is no в in font nullfont!
Missing character: There is no ш in font nullfont!
Missing character: There is no и in font nullfont!
Missing character: There is no с in font nullfont!
Missing character: There is no ь in font nullfont!
Missing character: There is no э in font nullfont!
Missing character: There is no т in font nullfont!
Missing character: There is no и in font nullfont!
Missing character: There is no м in font nullfont!
Missing character: There is no и in font nullfont!
Missing character: There is no д in font nullfont!
Missing character: There is no в in font nullfont!
Missing character: There is no у in font nullfont!
Missing character: There is no м in font nullfont!
Missing character: There is no я in font nullfont!
Missing character: There is no в in font nullfont!
Missing character: There is no ы in font nullfont!
Missing character: There is no р in font nullfont!
Missing character: There is no а in font nullfont!
Missing character: There is no ж in font nullfont!
Missing character: There is no е in font nullfont!
Missing character: There is no н in font nullfont!
Missing character: There is no и in font nullfont!
Missing character: There is no я in font nullfont!
Missing character: There is no м in font nullfont!
Missing character: There is no и in font nullfont!
Missing character: There is no , in font nullfont!
Missing character: There is no в in font nullfont!
Missing character: There is no ы in font nullfont!
Missing character: There is no р in font nullfont!
Missing character: There is no а in font nullfont!
Missing character: There is no з in font nullfont!
Missing character: There is no и in font nullfont!
Missing character: There is no м in font nullfont!
Missing character: There is no к in font nullfont!
Missing character: There is no в in font nullfont!
Missing character: There is no а in font nullfont!
Missing character: There is no д in font nullfont!
Missing character: There is no р in font nullfont!
Missing character: There is no а in font nullfont!
Missing character: There is no т in font nullfont!
Missing character: There is no э in font nullfont!
Missing character: There is no н in font nullfont!
Missing character: There is no е in font nullfont!
Missing character: There is no р in font nullfont!
Missing character: There is no г in font nullfont!
Missing character: There is no е in font nullfont!
Missing character: There is no т in font nullfont!
Missing character: There is no и in font nullfont!
Missing character: There is no ч in font nullfont!
Missing character: There is no е in font nullfont!
Missing character: There is no с in font nullfont!
Missing character: There is no к in font nullfont!
Missing character: There is no о in font nullfont!
Missing character: There is no г in font nullfont!
Missing character: There is no о in font nullfont!
Missing character: There is no р in font nullfont!
Missing character: There is no а in font nullfont!
Missing character: There is no з in font nullfont!
Missing character: There is no р in font nullfont!
Missing character: There is no е in font nullfont!
Missing character: There is no ш in font nullfont!
Missing character: There is no е in font nullfont!
Missing character: There is no н in font nullfont!
Missing character: There is no и in font nullfont!
Missing character: There is no я in font nullfont!
Missing character: There is no ч in font nullfont!
Missing character: There is no е in font nullfont!
Missing character: There is no р in font nullfont!
Missing character: There is no е in font nullfont!
Missing character: There is no з in font nullfont!
Missing character: There is no б in font nullfont!
Missing character: There is no а in font nullfont!
Missing character: There is no з in font nullfont!
Missing character: There is no о in font nullfont!
Missing character: There is no в in font nullfont!
Missing character: There is no ы in font nullfont!
Missing character: There is no е in font nullfont!
Missing character: There is no в in font nullfont!
Missing character: There is no е in font nullfont!
Missing character: There is no л in font nullfont!
Missing character: There is no и in font nullfont!
Missing character: There is no ч in font nullfont!
Missing character: There is no и in font nullfont!
Missing character: There is no н in font nullfont!
Missing character: There is no ы in font nullfont!
Missing character: There is no , in font nullfont!
Missing character: There is no , in font nullfont!
Missing character: There is no , in font nullfont!
Missing character: There is no , in font nullfont!
Missing character: There is no к in font nullfont!
Missing character: There is no о in font nullfont!
Missing character: There is no т in font nullfont!
Missing character: There is no о in font nullfont!
Missing character: There is no р in font nullfont!
Missing character: There is no ы in font nullfont!
Missing character: There is no е in font nullfont!
Missing character: There is no о in font nullfont!
Missing character: There is no п in font nullfont!
Missing character: There is no и in font nullfont!
Missing character: There is no с in font nullfont!
Missing character: There is no ы in font nullfont!
Missing character: There is no в in font nullfont!
Missing character: There is no а in font nullfont!
Missing character: There is no ю in font nullfont!
Missing character: There is no т in font nullfont!
Missing character: There is no д in font nullfont!
Missing character: There is no е in font nullfont!
Missing character: There is no т in font nullfont!
Missing character: There is no е in font nullfont!
Missing character: There is no к in font nullfont!
Missing character: There is no т in font nullfont!
Missing character: There is no о in font nullfont!
Missing character: There is no р in font nullfont!
Missing character: There is no : in font nullfont!

Overfull \hbox (20.0pt too wide) in paragraph at lines 35--36
[][]
 []


Overfull \hbox (17.26735pt too wide) in paragraph at lines 35--36
[][]$
 []


Overfull \hbox (24.87018pt too wide) in paragraph at lines 35--36
\OML/cmm/m/it/10 N[]$
 []


Overfull \hbox (33.77946pt too wide) in paragraph at lines 35--36
\OML/cmm/m/it/10 n[]$
 []


Overfull \hbox (19.16881pt too wide) in paragraph at lines 35--36
\OML/cmm/m/it/10 n[]$
 []


Overfull \hbox (7.86249pt too wide) in paragraph at lines 35--36
\OML/cmm/m/it/10 G$
 []


! LaTeX Error: Missing \begin{document}.

See the LaTeX manual or LaTeX Companion for explanation.
Type  H <return>  for immediate help.
 ...                                              
                                                  
l.37 $
      ${\delta E}^2 = \frac{Var[N_{born}]}{(E[N_{born}])^2}$$
You're in trouble here.  Try typing  <return>  to proceed.
If that doesn't work, type  X <return>  to quit.


Overfull \hbox (20.0pt too wide) in paragraph at lines 37--37
[][] 
 []


Overfull \hbox (83.64856pt too wide) detected at line 37
[][] \OT1/cmr/m/n/10 = []
 []

)
! Emergency stop.
<*> D:/git_repositories/PhD/paper_1/content.tex
                                               
*** (job aborted, no legal \end found)

 
Here is how much of TeX's memory you used:
 9 strings out of 493921
 211 string characters out of 3150556
 51031 words of memory out of 3000000
 3402 multiletter control sequences out of 15000+200000
 3640 words of font info for 14 fonts, out of 3000000 for 9000
 841 hyphenation exceptions out of 8191
 18i,3n,12p,249b,56s stack positions out of 5000i,500n,10000p,200000b,50000s
!  ==> Fatal error occurred, no output PDF file produced!
