This is pdfTeX, Version 3.1415926-2.5-1.40.14 (MiKTeX 2.9) (preloaded format=pdflatex 2013.12.8)  30 DEC 2015 19:30
entering extended mode
**D:/git_repositories/PhD/paper_1/main.tex
(D:/git_repositories/PhD/paper_1/main.tex
LaTeX2e <2011/06/27>
Babel <v3.8m> and hyphenation patterns for english, afrikaans, ancientgreek, ar
abic, armenian, assamese, basque, bengali, bokmal, bulgarian, catalan, coptic, 
croatian, czech, danish, dutch, esperanto, estonian, farsi, finnish, french, ga
lician, german, german-x-2013-05-26, greek, gujarati, hindi, hungarian, iceland
ic, indonesian, interlingua, irish, italian, kannada, kurmanji, latin, latvian,
 lithuanian, malayalam, marathi, mongolian, mongolianlmc, monogreek, ngerman, n
german-x-2013-05-26, nynorsk, oriya, panjabi, pinyin, polish, portuguese, roman
ian, russian, sanskrit, serbian, slovak, slovenian, spanish, swedish, swissgerm
an, tamil, telugu, turkish, turkmen, ukenglish, ukrainian, uppersorbian, usengl
ishmax, welsh, loaded.
(D:\LaTex\Full_TeX\texmf\tex\latex\base\article.cls
Document Class: article 2007/10/19 v1.4h Standard LaTeX document class
(D:\LaTex\Full_TeX\texmf\tex\latex\base\size12.clo
File: size12.clo 2007/10/19 v1.4h Standard LaTeX file (size option)
)
\c@part=\count79
\c@section=\count80
\c@subsection=\count81
\c@subsubsection=\count82
\c@paragraph=\count83
\c@subparagraph=\count84
\c@figure=\count85
\c@table=\count86
\abovecaptionskip=\skip41
\belowcaptionskip=\skip42
\bibindent=\dimen102
)
(D:\LaTex\Full_TeX\texmf\tex\latex\russ\russ.sty
Package: russ 2012/01/26 Russian language

(D:\LaTex\Full_TeX\texmf\tex\latex\base\inputenc.sty
Package: inputenc 2008/03/30 v1.1d Input encoding file
\inpenc@prehook=\toks14
\inpenc@posthook=\toks15

(D:\LaTex\Full_TeX\texmf\tex\latex\cyrillic\cp1251.def
File: cp1251.def 1999/11/16 v1.0d Input encoding file
))
(D:\LaTex\Full_TeX\texmf\tex\latex\tools\xspace.sty
Package: xspace 2009/10/20 v1.13 Space after command names (DPC,MH)
)
(D:\LaTex\Full_TeX\texmf\tex\latex\cyrillic\t2aenc.def
File: t2aenc.def 2005/09/27 v1.0i Cyrillic encoding definition file
)
LaTeX Font Info:    Try loading font information for T2A+cmr on input line 43.

(D:\LaTex\Full_TeX\texmf\tex\latex\cyrillic\t2acmr.fd
File: t2acmr.fd 2001/08/11 v1.0a Computer Modern Cyrillic font definitions
)
\symrletters=\mathgroup4
LaTeX Font Info:    Overwriting symbol font `rletters' in version `bold'
(Font)                  T2A/cmr/m/it --> T2A/cmr/b/it on input line 99.
LaTeX Font Info:    Overwriting math alphabet `\mathrm' in version `normal'
(Font)                  OT1/cmr/m/n --> T2A/cmr/m/n on input line 173.
LaTeX Font Info:    Overwriting math alphabet `\mathrm' in version `bold'
(Font)                  OT1/cmr/bx/n --> T2A/cmr/b/n on input line 174.
LaTeX Font Info:    Overwriting math alphabet `\mathit' in version `normal'
(Font)                  OT1/cmr/m/it --> T2A/cmr/m/it on input line 175.
LaTeX Font Info:    Overwriting math alphabet `\mathit' in version `bold'
(Font)                  OT1/cmr/bx/it --> T2A/cmr/b/it on input line 176.
LaTeX Font Info:    Overwriting math alphabet `\mathbf' in version `normal'
(Font)                  OT1/cmr/bx/n --> T2A/cmr/b/n on input line 177.
LaTeX Font Info:    Overwriting math alphabet `\mathbf' in version `bold'
(Font)                  OT1/cmr/bx/n --> T2A/cmr/b/n on input line 178.


 Correcting math definitions,
\symAMSa=\mathgroup5
\symAMSb=\mathgroup6
 heading names, counters, lists,
\c@rlistctr=\count87
 headings,
captions, theorems, running heads, appendix, \cleardoublepage, quotes,
... finished.
LaTeX Info: Redefining \ч on input line 687.
) (D:\LaTex\Full_TeX\texmf\tex\latex\cmap\cmap.sty
Package: cmap 2008/03/06 v1.0h CMap support: searchable PDF
)
(D:\LaTex\Full_TeX\texmf\tex\latex\cite\cite.sty
LaTeX Info: Redefining \cite on input line 302.
LaTeX Info: Redefining \nocite on input line 332.
Package: cite 2015/02/27  v 5.5
)
(D:\LaTex\Full_TeX\texmf\tex\latex\base\fontenc.sty
Package: fontenc 2005/09/27 v1.99g Standard LaTeX package

(D:\LaTex\Full_TeX\texmf\tex\latex\cyrillic\t2aenc.def
File: t2aenc.def 2005/09/27 v1.0i Cyrillic encoding definition file
LaTeX Font Info:    Redeclaring font encoding T2A on input line 38.
))
(D:\LaTex\Full_TeX\texmf\tex\generic\babel\babel.sty
Package: babel 2008/07/08 v3.8m The Babel package

*************************************
* Local config file bblopts.cfg used
*
(D:\LaTex\Full_TeX\texmf\tex\latex\00miktex\bblopts.cfg
File: bblopts.cfg 2006/07/31 v1.0 MiKTeX 'babel' configuration
)
(D:\LaTex\Full_TeX\texmf\tex\generic\babel\english.ldf
Language: english 2005/03/30 v3.3o English support from the babel system

(D:\LaTex\Full_TeX\texmf\tex\generic\babel\babel.def
File: babel.def 2008/07/08 v3.8m Babel common definitions
\babel@savecnt=\count88
\U@D=\dimen103
)
\l@canadian = a dialect from \language\l@american 
\l@australian = a dialect from \language\l@british 
\l@newzealand = a dialect from \language\l@british 
)
(D:\LaTex\Full_TeX\texmf\tex\generic\babel\germanb.ldf
Language: germanb 2008/06/01 v2.6m German support from the babel system
\l@austrian = a dialect from \language\l@german 
Package babel Info: Making " an active character on input line 102.
)
(D:\LaTex\Full_TeX\texmf\tex\generic\babel\russianb.ldf
Language: russianb 2008/03/21 v1.1r Russian support from the babel system
LaTeX Info: Redefining \No on input line 305.
))
(D:\LaTex\Full_TeX\texmf\tex\latex\tools\calc.sty
Package: calc 2007/08/22 v4.3 Infix arithmetic (KKT,FJ)
\calc@Acount=\count89
\calc@Bcount=\count90
\calc@Adimen=\dimen104
\calc@Bdimen=\dimen105
\calc@Askip=\skip43
\calc@Bskip=\skip44
LaTeX Info: Redefining \setlength on input line 76.
LaTeX Info: Redefining \addtolength on input line 77.
\calc@Ccount=\count91
\calc@Cskip=\skip45
)
(D:\LaTex\Full_TeX\texmf\tex\latex\graphics\graphicx.sty
Package: graphicx 1999/02/16 v1.0f Enhanced LaTeX Graphics (DPC,SPQR)

(D:\LaTex\Full_TeX\texmf\tex\latex\graphics\keyval.sty
Package: keyval 1999/03/16 v1.13 key=value parser (DPC)
\KV@toks@=\toks16
)
(D:\LaTex\Full_TeX\texmf\tex\latex\graphics\graphics.sty
Package: graphics 2009/02/05 v1.0o Standard LaTeX Graphics (DPC,SPQR)

(D:\LaTex\Full_TeX\texmf\tex\latex\graphics\trig.sty
Package: trig 1999/03/16 v1.09 sin cos tan (DPC)
)
(D:\LaTex\Full_TeX\texmf\tex\latex\00miktex\graphics.cfg
File: graphics.cfg 2007/01/18 v1.5 graphics configuration of teTeX/TeXLive
)
Package graphics Info: Driver file: pdftex.def on input line 91.

(D:\LaTex\Full_TeX\texmf\tex\latex\pdftex-def\pdftex.def
File: pdftex.def 2011/05/27 v0.06d Graphics/color for pdfTeX

(D:\LaTex\Full_TeX\texmf\tex\generic\oberdiek\infwarerr.sty
Package: infwarerr 2010/04/08 v1.3 Providing info/warning/error messages (HO)
)
(D:\LaTex\Full_TeX\texmf\tex\generic\oberdiek\ltxcmds.sty
Package: ltxcmds 2011/11/09 v1.22 LaTeX kernel commands for general use (HO)
)
\Gread@gobject=\count92
))
\Gin@req@height=\dimen106
\Gin@req@width=\dimen107
)
(D:\LaTex\Full_TeX\texmf\tex\latex\oberdiek\epstopdf.sty
Package: epstopdf 2010/02/09 v2.5 Conversion with epstopdf on the fly (HO)

(D:\LaTex\Full_TeX\texmf\tex\latex\oberdiek\epstopdf-base.sty
Package: epstopdf-base 2010/02/09 v2.5 Base part for package epstopdf

(D:\LaTex\Full_TeX\texmf\tex\latex\oberdiek\grfext.sty
Package: grfext 2010/08/19 v1.1 Manage graphics extensions (HO)

(D:\LaTex\Full_TeX\texmf\tex\generic\oberdiek\kvdefinekeys.sty
Package: kvdefinekeys 2011/04/07 v1.3 Define keys (HO)
))
(D:\LaTex\Full_TeX\texmf\tex\latex\oberdiek\kvoptions.sty
Package: kvoptions 2011/06/30 v3.11 Key value format for package options (HO)

(D:\LaTex\Full_TeX\texmf\tex\generic\oberdiek\kvsetkeys.sty
Package: kvsetkeys 2012/04/25 v1.16 Key value parser (HO)

(D:\LaTex\Full_TeX\texmf\tex\generic\oberdiek\etexcmds.sty
Package: etexcmds 2011/02/16 v1.5 Avoid name clashes with e-TeX commands (HO)

(D:\LaTex\Full_TeX\texmf\tex\generic\oberdiek\ifluatex.sty
Package: ifluatex 2010/03/01 v1.3 Provides the ifluatex switch (HO)
Package ifluatex Info: LuaTeX not detected.
)
Package etexcmds Info: Could not find \expanded.
(etexcmds)             That can mean that you are not using pdfTeX 1.50 or
(etexcmds)             that some package has redefined \expanded.
(etexcmds)             In the latter case, load this package earlier.
)))
(D:\LaTex\Full_TeX\texmf\tex\generic\oberdiek\pdftexcmds.sty
Package: pdftexcmds 2011/11/29 v0.20 Utility functions of pdfTeX for LuaTeX (HO
)

(D:\LaTex\Full_TeX\texmf\tex\generic\oberdiek\ifpdf.sty
Package: ifpdf 2011/01/30 v2.3 Provides the ifpdf switch (HO)
Package ifpdf Info: pdfTeX in PDF mode is detected.
)
Package pdftexcmds Info: LuaTeX not detected.
Package pdftexcmds Info: \pdf@primitive is available.
Package pdftexcmds Info: \pdf@ifprimitive is available.
Package pdftexcmds Info: \pdfdraftmode found.
)
Package grfext Info: Graphics extension search list:
(grfext)             [.png,.pdf,.jpg,.mps,.jpeg,.jbig2,.jb2,.PNG,.PDF,.JPG,.JPE
G,.JBIG2,.JB2,.eps]
(grfext)             \AppendGraphicsExtensions on input line 452.
))
(D:\LaTex\Full_TeX\texmf\tex\latex\base\latexsym.sty
Package: latexsym 1998/08/17 v2.2e Standard LaTeX package (lasy symbols)
\symlasy=\mathgroup7
LaTeX Font Info:    Overwriting symbol font `lasy' in version `bold'
(Font)                  U/lasy/m/n --> U/lasy/b/n on input line 47.
)
(D:\LaTex\Full_TeX\texmf\tex\latex\amsfonts\amsfonts.sty
Package: amsfonts 2013/01/14 v3.01 Basic AMSFonts support
\@emptytoks=\toks17
LaTeX Font Info:    Redeclaring symbol font `AMSa' on input line 59.
LaTeX Font Info:    Overwriting symbol font `AMSa' in version `normal'
(Font)                  U/msa/m/n --> U/msa/m/n on input line 59.
LaTeX Font Info:    Overwriting symbol font `AMSa' in version `bold'
(Font)                  U/msa/m/n --> U/msa/m/n on input line 59.
LaTeX Font Info:    Redeclaring symbol font `AMSb' on input line 60.
LaTeX Font Info:    Overwriting symbol font `AMSb' in version `normal'
(Font)                  U/msb/m/n --> U/msb/m/n on input line 60.
LaTeX Font Info:    Overwriting symbol font `AMSb' in version `bold'
(Font)                  U/msb/m/n --> U/msb/m/n on input line 60.
LaTeX Font Info:    Overwriting math alphabet `\mathfrak' in version `bold'
(Font)                  U/euf/m/n --> U/euf/b/n on input line 106.
)
(D:\LaTex\Full_TeX\texmf\tex\latex\amsfonts\amssymb.sty
Package: amssymb 2013/01/14 v3.01 AMS font symbols
LaTeX Font Info:    Redeclaring math symbol \leqslant on input line 101.
LaTeX Font Info:    Redeclaring math symbol \geqslant on input line 108.
LaTeX Font Info:    Redeclaring math symbol \varkappa on input line 260.
)
(D:\LaTex\Full_TeX\texmf\tex\latex\amsmath\amsmath.sty
Package: amsmath 2013/01/14 v2.14 AMS math features
\@mathmargin=\skip46

For additional information on amsmath, use the `?' option.
(D:\LaTex\Full_TeX\texmf\tex\latex\amsmath\amstext.sty
Package: amstext 2000/06/29 v2.01

(D:\LaTex\Full_TeX\texmf\tex\latex\amsmath\amsgen.sty
File: amsgen.sty 1999/11/30 v2.0
\@emptytoks=\toks18
\ex@=\dimen108
))
(D:\LaTex\Full_TeX\texmf\tex\latex\amsmath\amsbsy.sty
Package: amsbsy 1999/11/29 v1.2d
\pmbraise@=\dimen109
)
(D:\LaTex\Full_TeX\texmf\tex\latex\amsmath\amsopn.sty
Package: amsopn 1999/12/14 v2.01 operator names
)
\inf@bad=\count93
LaTeX Info: Redefining \frac on input line 210.
\uproot@=\count94
\leftroot@=\count95
LaTeX Info: Redefining \overline on input line 306.
\classnum@=\count96
\DOTSCASE@=\count97
LaTeX Info: Redefining \ldots on input line 378.
LaTeX Info: Redefining \dots on input line 381.
LaTeX Info: Redefining \cdots on input line 466.
\Mathstrutbox@=\box26
\strutbox@=\box27
\big@size=\dimen110
LaTeX Font Info:    Redeclaring font encoding OML on input line 566.
LaTeX Font Info:    Redeclaring font encoding OMS on input line 567.
\macc@depth=\count98
\c@MaxMatrixCols=\count99
\dotsspace@=\muskip10
\c@parentequation=\count100
\dspbrk@lvl=\count101
\tag@help=\toks19
\row@=\count102
\column@=\count103
\maxfields@=\count104
\andhelp@=\toks20
\eqnshift@=\dimen111
\alignsep@=\dimen112
\tagshift@=\dimen113
\tagwidth@=\dimen114
\totwidth@=\dimen115
\lineht@=\dimen116
\@envbody=\toks21
\multlinegap=\skip47
\multlinetaggap=\skip48
\mathdisplay@stack=\toks22
LaTeX Info: Redefining \[ on input line 2665.
LaTeX Info: Redefining \] on input line 2666.
)
(D:\LaTex\Full_TeX\texmf\tex\latex\amsfonts\eucal.sty
Package: eucal 2009/06/22 v3.00 Euler Script fonts
LaTeX Font Info:    Overwriting math alphabet `\EuScript' in version `bold'
(Font)                  U/eus/m/n --> U/eus/b/n on input line 33.
)
(D:\LaTex\Full_TeX\texmf\tex\latex\base\exscale.sty
Package: exscale 2007/10/29 v2.1h Standard LaTeX package exscale
LaTeX Font Info:    Redeclaring symbol font `largesymbols' on input line 52.
LaTeX Font Info:    Overwriting symbol font `largesymbols' in version `normal'
(Font)                  OMX/cmex/m/n --> OMX/cmex/m/n on input line 52.
LaTeX Font Info:    Overwriting symbol font `largesymbols' in version `bold'
(Font)                  OMX/cmex/m/n --> OMX/cmex/m/n on input line 52.
\big@size=\dimen117
)
(D:\LaTex\Full_TeX\texmf\tex\latex\tools\indentfirst.sty
Package: indentfirst 1995/11/23 v1.03 Indent first paragraph (DPC)
)
(D:\LaTex\Full_TeX\texmf\tex\latex\tools\verbatim.sty
Package: verbatim 2003/08/22 v1.5q LaTeX2e package for verbatim enhancements
\every@verbatim=\toks23
\verbatim@line=\toks24
\verbatim@in@stream=\read1
)
(D:\LaTex\Full_TeX\texmf\tex\latex\tools\layout.sty
Package: layout 2000/09/25 v1.2c Show layout parameters
\oneinch=\count105
\cnt@paperwidth=\count106
\cnt@paperheight=\count107
\cnt@hoffset=\count108
\cnt@voffset=\count109
\cnt@textheight=\count110
\cnt@textwidth=\count111
\cnt@topmargin=\count112
\cnt@oddsidemargin=\count113
\cnt@evensidemargin=\count114
\cnt@headheight=\count115
\cnt@headsep=\count116
\cnt@marginparsep=\count117
\cnt@marginparwidth=\count118
\cnt@marginparpush=\count119
\cnt@footskip=\count120
\fheight=\count121
\ref@top=\count122
\ref@hoffset=\count123
\ref@voffset=\count124
\ref@head=\count125
\ref@body=\count126
\ref@foot=\count127
\ref@margin=\count128
\ref@marginwidth=\count129
\ref@marginpar=\count130
\Interval=\count131
\ExtraYPos=\count132
\PositionX=\count133
\PositionY=\count134
\ArrowLength=\count135
)
(D:\LaTex\Full_TeX\texmf\tex\latex\miller\miller.sty
Package: miller 2004/09/20 v1.2 print miller indices
)
(D:\LaTex\Full_TeX\texmf\tex\latex\natbib\natbib.sty
Package: natbib 2010/09/13 8.31b (PWD, AO)


Package natbib Warning: The `cite' package should not be used
(natbib)                with natbib. Use option `sort' instead.

\bibhang=\skip49
\bibsep=\skip50
LaTeX Info: Redefining \cite on input line 694.
LaTeX Info: Redefining \citenum on input line 708.
\c@NAT@ctr=\count136
) (D:\LaTex\Full_TeX\texmf\tex\latex\url\url.sty
\Urlmuskip=\muskip11
Package: url 2006/04/12  ver 3.3  Verb mode for urls, etc.
)
(D:\LaTex\Full_TeX\texmf\tex\latex\tools\multicol.sty
Package: multicol 2011/06/27 v1.7a multicolumn formatting (FMi)
\c@tracingmulticols=\count137
\mult@box=\box28
\multicol@leftmargin=\dimen118
\c@unbalance=\count138
\c@collectmore=\count139
\doublecol@number=\count140
\multicoltolerance=\count141
\multicolpretolerance=\count142
\full@width=\dimen119
\page@free=\dimen120
\premulticols=\dimen121
\postmulticols=\dimen122
\multicolsep=\skip51
\multicolbaselineskip=\skip52
\partial@page=\box29
\last@line=\box30
\mult@rightbox=\box31
\mult@grightbox=\box32
\mult@gfirstbox=\box33
\mult@firstbox=\box34
\@tempa=\box35
\@tempa=\box36
\@tempa=\box37
\@tempa=\box38
\@tempa=\box39
\@tempa=\box40
\@tempa=\box41
\@tempa=\box42
\@tempa=\box43
\@tempa=\box44
\@tempa=\box45
\@tempa=\box46
\@tempa=\box47
\@tempa=\box48
\@tempa=\box49
\@tempa=\box50
\@tempa=\box51
\c@columnbadness=\count143
\c@finalcolumnbadness=\count144
\last@try=\dimen123
\multicolovershoot=\dimen124
\multicolundershoot=\dimen125
\mult@nat@firstbox=\box52
\colbreak@box=\box53
\multicol@sort@counter=\count145
)
(D:\LaTex\Full_TeX\texmf\tex\latex\rotating\rotating.sty
Package: rotating 2009/03/28 v2.16a rotated objects in LaTeX

(D:\LaTex\Full_TeX\texmf\tex\latex\base\ifthen.sty
Package: ifthen 2001/05/26 v1.1c Standard LaTeX ifthen package (DPC)
)
\c@r@tfl@t=\count146
\rotFPtop=\skip53
\rotFPbot=\skip54
\rot@float@box=\box54
\rot@mess@toks=\toks25
)
(D:\LaTex\Full_TeX\texmf\tex\latex\graphics\lscape.sty
Package: lscape 2000/10/22 v3.01 Landscape Pages (DPC)
)
(D:\LaTex\Full_TeX\texmf\tex\latex\multirow\multirow.sty
\bigstrutjot=\dimen126
)
(D:\LaTex\Full_TeX\texmf\tex\latex\geometry\geometry.sty
Package: geometry 2010/09/12 v5.6 Page Geometry

(D:\LaTex\Full_TeX\texmf\tex\generic\oberdiek\ifvtex.sty
Package: ifvtex 2010/03/01 v1.5 Detect VTeX and its facilities (HO)
Package ifvtex Info: VTeX not detected.
)
(D:\LaTex\Full_TeX\texmf\tex\generic\ifxetex\ifxetex.sty
Package: ifxetex 2010/09/12 v0.6 Provides ifxetex conditional
)
\Gm@cnth=\count147
\Gm@cntv=\count148
\c@Gm@tempcnt=\count149
\Gm@bindingoffset=\dimen127
\Gm@wd@mp=\dimen128
\Gm@odd@mp=\dimen129
\Gm@even@mp=\dimen130
\Gm@layoutwidth=\dimen131
\Gm@layoutheight=\dimen132
\Gm@layouthoffset=\dimen133
\Gm@layoutvoffset=\dimen134
\Gm@dimlist=\toks26

(D:\LaTex\Full_TeX\texmf\tex\latex\geometry\geometry.cfg))
(D:\git_repositories\PhD\paper_1\main.aux
(D:\git_repositories\PhD\paper_1\content_theory.aux

LaTeX Warning: Label `eq:ener_resol_base' multiply defined.


LaTeX Warning: Label `eq:ENF_var2' multiply defined.

) (D:\git_repositories\PhD\paper_1\content_experiment.aux

LaTeX Warning: Label `image:recovery_time-ketec_11_4_5OV' multiply defined.


LaTeX Warning: Label `image:Hamamatsu_S10362-11-100C_p_f_vs_V' multiply defined
.


LaTeX Warning: Label `eq:N_init' multiply defined.

) (D:\git_repositories\PhD\paper_1\bibliography.aux))
LaTeX Font Info:    Checking defaults for OML/cmm/m/it on input line 41.
LaTeX Font Info:    ... okay on input line 41.
LaTeX Font Info:    Checking defaults for T1/cmr/m/n on input line 41.
LaTeX Font Info:    ... okay on input line 41.
LaTeX Font Info:    Checking defaults for OT1/cmr/m/n on input line 41.
LaTeX Font Info:    ... okay on input line 41.
LaTeX Font Info:    Checking defaults for OMS/cmsy/m/n on input line 41.
LaTeX Font Info:    ... okay on input line 41.
LaTeX Font Info:    Checking defaults for OMX/cmex/m/n on input line 41.
LaTeX Font Info:    ... okay on input line 41.
LaTeX Font Info:    Checking defaults for U/cmr/m/n on input line 41.
LaTeX Font Info:    ... okay on input line 41.
LaTeX Font Info:    Checking defaults for T2A/cmr/m/n on input line 41.
LaTeX Font Info:    ... okay on input line 41.

(D:\LaTex\Full_TeX\texmf\tex\context\base\supp-pdf.mkii
[Loading MPS to PDF converter (version 2006.09.02).]
\scratchcounter=\count150
\scratchdimen=\dimen135
\scratchbox=\box55
\nofMPsegments=\count151
\nofMParguments=\count152
\everyMPshowfont=\toks27
\MPscratchCnt=\count153
\MPscratchDim=\dimen136
\MPnumerator=\count154
\makeMPintoPDFobject=\count155
\everyMPtoPDFconversion=\toks28
)
*geometry* driver: auto-detecting
*geometry* detected driver: pdftex
*geometry* verbose mode - [ preamble ] result:
* driver: pdftex
* paper: a4paper
* layout: <same size as paper>
* layoutoffset:(h,v)=(0.0pt,0.0pt)
* modes: includehead 
* h-part:(L,W,R)=(85.35826pt, 441.01773pt, 71.13188pt)
* v-part:(T,H,B)=(56.9055pt, 731.23584pt, 56.9055pt)
* \paperwidth=597.50787pt
* \paperheight=845.04684pt
* \textwidth=441.01773pt
* \textheight=697.89629pt
* \oddsidemargin=13.08827pt
* \evensidemargin=13.08827pt
* \topmargin=-15.36449pt
* \headheight=12.0pt
* \headsep=21.33955pt
* \topskip=12.0pt
* \footskip=28.45274pt
* \marginparwidth=49.79231pt
* \marginparsep=10.0pt
* \columnsep=10.0pt
* \skip\footins=10.8pt plus 4.0pt minus 2.0pt
* \hoffset=0.0pt
* \voffset=0.0pt
* \mag=1000
* \@twocolumnfalse
* \@twosidefalse
* \@mparswitchfalse
* \@reversemarginfalse
* (1in=72.27pt=25.4mm, 1cm=28.453pt)

(D:\git_repositories\PhD\paper_1\content_theory.tex<<t2a.cmap>><<ot1.cmap>><<om
l.cmap>><<oms.cmap>><<omx.cmap>>
LaTeX Font Info:    External font `cmex7' loaded for size
(Font)              <6> on input line 11.
LaTeX Font Info:    Try loading font information for U+msa on input line 11.

(D:\LaTex\Full_TeX\texmf\tex\latex\amsfonts\umsa.fd
File: umsa.fd 2013/01/14 v3.01 AMS symbols A
)
LaTeX Font Info:    Try loading font information for U+msb on input line 11.

(D:\LaTex\Full_TeX\texmf\tex\latex\amsfonts\umsb.fd
File: umsb.fd 2013/01/14 v3.01 AMS symbols B
)
LaTeX Font Info:    Try loading font information for U+lasy on input line 11.

(D:\LaTex\Full_TeX\texmf\tex\latex\base\ulasy.fd
File: ulasy.fd 1998/08/17 v2.2e LaTeX symbol font definitions
) [1


{D:/LaTex/Full_TeX/texmf/pdftex/config/pdftex.map}] <pictures/detector.pdf, id=
17, 963.6pt x 542.025pt>
File: pictures/detector.pdf Graphic file (type pdf)

<use pictures/detector.pdf>
Package pdftex.def Info: pictures/detector.pdf used on input line 34.
(pdftex.def)             Requested size: 227.62204pt x 128.03754pt.
 [2 <D:/git_repositories/PhD/paper_1/pictures/detector.pdf>] [3]
Package epstopdf Info: Source file: <pictures/YAP_Ce_PMT_simple_case_rus.eps>
(epstopdf)                    date: 2015-12-30 15:51:59
(epstopdf)                    size: 116970 bytes
(epstopdf)             Output file: <pictures/YAP_Ce_PMT_simple_case_rus-eps-co
nverted-to.pdf>
(epstopdf)                    date: 2015-12-30 17:15:07
(epstopdf)                    size: 70636 bytes
(epstopdf)             Command: <epstopdf --outfile=pictures/YAP_Ce_PMT_simple_
case_rus-eps-converted-to.pdf pictures/YAP_Ce_PMT_simple_case_rus.eps>
(epstopdf)             \includegraphics on input line 119.
Package epstopdf Info: Output file is already uptodate.

<pictures/YAP_Ce_PMT_simple_case_rus-eps-converted-to.pdf, id=44, 821.0675pt x 
816.04875pt>
File: pictures/YAP_Ce_PMT_simple_case_rus-eps-converted-to.pdf Graphic file (ty
pe pdf)
 <use pictures/YAP_Ce_PMT_simple_case_rus-eps-converted-to.pdf>
Package pdftex.def Info: pictures/YAP_Ce_PMT_simple_case_rus-eps-converted-to.p
df used on input line 119.
(pdftex.def)             Requested size: 227.62204pt x 226.22585pt.


LaTeX Warning: `h' float specifier changed to `ht'.

[4] [5 <D:/git_repositories/PhD/paper_1/pictures/YAP_Ce_PMT_simple_case_rus-eps
-converted-to.pdf>]
Package epstopdf Info: Source file: <pictures/ER_noise_rus.eps>
(epstopdf)                    date: 2015-12-30 17:27:56
(epstopdf)                    size: 94375 bytes
(epstopdf)             Output file: <pictures/ER_noise_rus-eps-converted-to.pdf
>
(epstopdf)                    date: 2015-12-30 17:29:32
(epstopdf)                    size: 44016 bytes
(epstopdf)             Command: <epstopdf --outfile=pictures/ER_noise_rus-eps-c
onverted-to.pdf pictures/ER_noise_rus.eps>
(epstopdf)             \includegraphics on input line 158.
Package epstopdf Info: Output file is already uptodate.

<pictures/ER_noise_rus-eps-converted-to.pdf, id=78, 821.0675pt x 810.02625pt>
File: pictures/ER_noise_rus-eps-converted-to.pdf Graphic file (type pdf)

<use pictures/ER_noise_rus-eps-converted-to.pdf>
Package pdftex.def Info: pictures/ER_noise_rus-eps-converted-to.pdf used on inp
ut line 158.
(pdftex.def)             Requested size: 227.62204pt x 224.55627pt.
 [6 <D:/git_repositories/PhD/paper_1/pictures/ER_noise_rus-eps-converted-to.pdf
>]

LaTeX Warning: `h' float specifier changed to `ht'.

Package epstopdf Info: Source file: <pictures/x-talk_rus.eps>
(epstopdf)                    date: 2015-12-30 17:51:27
(epstopdf)                    size: 97200 bytes
(epstopdf)             Output file: <pictures/x-talk_rus-eps-converted-to.pdf>
(epstopdf)                    date: 2015-12-30 17:52:34
(epstopdf)                    size: 46273 bytes
(epstopdf)             Command: <epstopdf --outfile=pictures/x-talk_rus-eps-con
verted-to.pdf pictures/x-talk_rus.eps>
(epstopdf)             \includegraphics on input line 215.
Package epstopdf Info: Output file is already uptodate.
<pictures/x-talk_rus-eps-converted-to.pdf, id=114, 819.06pt x 785.93625pt>
File: pictures/x-talk_rus-eps-converted-to.pdf Graphic file (type pdf)

<use pictures/x-talk_rus-eps-converted-to.pdf>
Package pdftex.def Info: pictures/x-talk_rus-eps-converted-to.pdf used on input
 line 215.
(pdftex.def)             Requested size: 227.62204pt x 218.41768pt.


LaTeX Warning: `h' float specifier changed to `ht'.

[7]
Package epstopdf Info: Source file: <pictures/ER_x-talk_rus.eps>
(epstopdf)                    date: 2015-12-30 17:35:52
(epstopdf)                    size: 110138 bytes
(epstopdf)             Output file: <pictures/ER_x-talk_rus-eps-converted-to.pd
f>
(epstopdf)                    date: 2015-12-30 17:50:18
(epstopdf)                    size: 47063 bytes
(epstopdf)             Command: <epstopdf --outfile=pictures/ER_x-talk_rus-eps-
converted-to.pdf pictures/ER_x-talk_rus.eps>
(epstopdf)             \includegraphics on input line 246.
Package epstopdf Info: Output file is already uptodate.

<pictures/ER_x-talk_rus-eps-converted-to.pdf, id=119, 821.0675pt x 815.045pt>
File: pictures/ER_x-talk_rus-eps-converted-to.pdf Graphic file (type pdf)

<use pictures/ER_x-talk_rus-eps-converted-to.pdf>
Package pdftex.def Info: pictures/ER_x-talk_rus-eps-converted-to.pdf used on in
put line 246.
(pdftex.def)             Requested size: 227.62204pt x 225.94759pt.


LaTeX Warning: `h' float specifier changed to `ht'.

[8] [9 <D:/git_repositories/PhD/paper_1/pictures/x-talk_rus-eps-converted-to.pd
f>]
Overfull \hbox (60.26051pt too wide) in alignment at lines 288--293
 [][][] []
 []

[10 <D:/git_repositories/PhD/paper_1/pictures/ER_x-talk_rus-eps-converted-to.pd
f>]
Overfull \hbox (0.31805pt too wide) in paragraph at lines 341--344
[]\T2A/cmr/m/n/12 Найдем плот-ность ве-ро-ят-но-сти до-ба-воч-но-го за-ря-да по
-сле-им-пуль-са $\OML/cmm/m/it/12 \OT1/cmr/m/n/12 (\OML/cmm/m/it/12 t\OT1/cmr
/m/n/12 )$\T2A/cmr/m/n/12 . Пред-
 []

[11]
Package epstopdf Info: Source file: <pictures/amp_probability_one_pixel_rus.eps
>
(epstopdf)                    date: 2015-12-30 18:19:41
(epstopdf)                    size: 102403 bytes
(epstopdf)             Output file: <pictures/amp_probability_one_pixel_rus-eps
-converted-to.pdf>
(epstopdf)                    date: 2015-12-30 18:20:10
(epstopdf)                    size: 46289 bytes
(epstopdf)             Command: <epstopdf --outfile=pictures/amp_probability_on
e_pixel_rus-eps-converted-to.pdf pictures/amp_probability_one_pixel_rus.eps>
(epstopdf)             \includegraphics on input line 356.
Package epstopdf Info: Output file is already uptodate.

<pictures/amp_probability_one_pixel_rus-eps-converted-to.pdf, id=197, 823.075pt
 x 838.13126pt>
File: pictures/amp_probability_one_pixel_rus-eps-converted-to.pdf Graphic file 
(type pdf)

<use pictures/amp_probability_one_pixel_rus-eps-converted-to.pdf>
Package pdftex.def Info: pictures/amp_probability_one_pixel_rus-eps-converted-t
o.pdf used on input line 356.
(pdftex.def)             Requested size: 227.62204pt x 231.78487pt.
 [12 <D:/git_repositories/PhD/paper_1/pictures/amp_probability_one_pixel_rus-ep
s-converted-to.pdf>] [13]) [14] (D:\git_repositories\PhD\paper_1\content_experi
ment.tex
<pictures/install_V_bd.pdf, id=232, 963.6pt x 542.025pt>
File: pictures/install_V_bd.pdf Graphic file (type pdf)

<use pictures/install_V_bd.pdf>
Package pdftex.def Info: pictures/install_V_bd.pdf used on input line 33.
(pdftex.def)             Requested size: 227.62204pt x 128.03754pt.


LaTeX Warning: `h' float specifier changed to `ht'.

[15


] [16 <D:/git_repositories/PhD/paper_1/pictures/install_V_bd.pdf>]
Underfull \hbox (badness 10000) in paragraph at lines 74--74
[]\T2A/cmr/m/n/12 Параметр /
 []


Underfull \hbox (badness 10000) in paragraph at lines 74--74
[]\T2A/cmr/m/n/12 KETEK
 []


Underfull \hbox (badness 10000) in paragraph at lines 74--74
\T2A/cmr/m/n/12 PM3325NP-
 []


Underfull \hbox (badness 10000) in paragraph at lines 74--74
[]\T2A/cmr/m/n/12 KETEK
 []


Underfull \hbox (badness 10000) in paragraph at lines 74--74
\T2A/cmr/m/n/12 PM1125NS-
 []


Underfull \hbox (badness 10000) in paragraph at lines 74--74
[]\T2A/cmr/m/n/12 Hamamatsu
 []


Underfull \hbox (badness 10000) in paragraph at lines 74--75
[]\T2A/cmr/m/n/12 Hamamatsu
 []


Overfull \hbox (45.77357pt too wide) in paragraph at lines 72--90
 [] 
 []

Package epstopdf Info: Source file: <pictures/sipm_spectrum_rus.eps>
(epstopdf)                    date: 2015-12-30 18:12:45
(epstopdf)                    size: 109386 bytes
(epstopdf)             Output file: <pictures/sipm_spectrum_rus-eps-converted-t
o.pdf>
(epstopdf)                    date: 2015-12-30 18:20:57
(epstopdf)                    size: 46672 bytes
(epstopdf)             Command: <epstopdf --outfile=pictures/sipm_spectrum_rus-
eps-converted-to.pdf pictures/sipm_spectrum_rus.eps>
(epstopdf)             \includegraphics on input line 93.
Package epstopdf Info: Output file is already uptodate.

<pictures/sipm_spectrum_rus-eps-converted-to.pdf, id=254, 819.06pt x 779.91376p
t>
File: pictures/sipm_spectrum_rus-eps-converted-to.pdf Graphic file (type pdf)
 <use pictures/sipm_spectrum_rus-eps-converted-to.pdf>
Package pdftex.def Info: pictures/sipm_spectrum_rus-eps-converted-to.pdf used o
n input line 93.
(pdftex.def)             Requested size: 227.62204pt x 216.74399pt.


LaTeX Warning: `h' float specifier changed to `ht'.

<pictures/VD_hamamatsu_3d_1.pdf, id=255, 821.0675pt x 572.1375pt>
File: pictures/VD_hamamatsu_3d_1.pdf Graphic file (type pdf)

<use pictures/VD_hamamatsu_3d_1.pdf>
Package pdftex.def Info: pictures/VD_hamamatsu_3d_1.pdf used on input line 100.

(pdftex.def)             Requested size: 227.62204pt x 158.60852pt.


LaTeX Warning: `h' float specifier changed to `ht'.

<pictures/VD_hamamatsu_3d_2.pdf, id=256, 821.0675pt x 572.1375pt>
File: pictures/VD_hamamatsu_3d_2.pdf Graphic file (type pdf)

<use pictures/VD_hamamatsu_3d_2.pdf>
Package pdftex.def Info: pictures/VD_hamamatsu_3d_2.pdf used on input line 106.

(pdftex.def)             Requested size: 227.62204pt x 158.60852pt.


LaTeX Warning: `h' float specifier changed to `ht'.

Package epstopdf Info: Source file: <pictures/V_bd_KETEK_rus.eps>
(epstopdf)                    date: 2015-12-30 18:48:23
(epstopdf)                    size: 77092 bytes
(epstopdf)             Output file: <pictures/V_bd_KETEK_rus-eps-converted-to.p
df>
(epstopdf)                    date: 2015-12-30 18:49:04
(epstopdf)                    size: 34090 bytes
(epstopdf)             Command: <epstopdf --outfile=pictures/V_bd_KETEK_rus-eps
-converted-to.pdf pictures/V_bd_KETEK_rus.eps>
(epstopdf)             \includegraphics on input line 119.
Package epstopdf Info: Output file is already uptodate.

<pictures/V_bd_KETEK_rus-eps-converted-to.pdf, id=257, 822.07124pt x 818.05624p
t>
File: pictures/V_bd_KETEK_rus-eps-converted-to.pdf Graphic file (type pdf)
 <use pictures/V_bd_KETEK_rus-eps-converted-to.pdf>
Package pdftex.def Info: pictures/V_bd_KETEK_rus-eps-converted-to.pdf used on i
nput line 119.
(pdftex.def)             Requested size: 227.62204pt x 226.50775pt.


LaTeX Warning: `h' float specifier changed to `ht'.

Package epstopdf Info: Source file: <pictures/V_bd_Hamamatsu_rus.eps>
(epstopdf)                    date: 2015-12-30 18:40:54
(epstopdf)                    size: 86648 bytes
(epstopdf)             Output file: <pictures/V_bd_Hamamatsu_rus-eps-converted-
to.pdf>
(epstopdf)                    date: 2015-12-30 18:45:37
(epstopdf)                    size: 37519 bytes
(epstopdf)             Command: <epstopdf --outfile=pictures/V_bd_Hamamatsu_rus
-eps-converted-to.pdf pictures/V_bd_Hamamatsu_rus.eps>
(epstopdf)             \includegraphics on input line 126.
Package epstopdf Info: Output file is already uptodate.

<pictures/V_bd_Hamamatsu_rus-eps-converted-to.pdf, id=258, 822.07124pt x 834.11
626pt>
File: pictures/V_bd_Hamamatsu_rus-eps-converted-to.pdf Graphic file (type pdf)
 <use pictures/V_bd_Hamamatsu_rus-eps-converted-to.pdf>
Package pdftex.def Info: pictures/V_bd_Hamamatsu_rus-eps-converted-to.pdf used 
on input line 126.
(pdftex.def)             Requested size: 227.62204pt x 230.95453pt.


LaTeX Warning: `h' float specifier changed to `ht'.

[17] <pictures/install_tektronix.pdf, id=263, 963.6pt x 542.025pt>
File: pictures/install_tektronix.pdf Graphic file (type pdf)

<use pictures/install_tektronix.pdf>
Package pdftex.def Info: pictures/install_tektronix.pdf used on input line 139.

(pdftex.def)             Requested size: 227.62204pt x 128.03754pt.


LaTeX Warning: `h' float specifier changed to `ht'.

Package epstopdf Info: Source file: <pictures/hamamatsu_signal_295K_4_5OV_rus.e
ps>
(epstopdf)                    date: 2015-12-30 19:02:52
(epstopdf)                    size: 231076 bytes
(epstopdf)             Output file: <pictures/hamamatsu_signal_295K_4_5OV_rus-e
ps-converted-to.pdf>
(epstopdf)                    date: 2015-12-30 19:03:29
(epstopdf)                    size: 85316 bytes
(epstopdf)             Command: <epstopdf --outfile=pictures/hamamatsu_signal_2
95K_4_5OV_rus-eps-converted-to.pdf pictures/hamamatsu_signal_295K_4_5OV_rus.eps
>
(epstopdf)             \includegraphics on input line 153.
Package epstopdf Info: Output file is already uptodate.

<pictures/hamamatsu_signal_295K_4_5OV_rus-eps-converted-to.pdf, id=264, 820.063
75pt x 776.9025pt>
File: pictures/hamamatsu_signal_295K_4_5OV_rus-eps-converted-to.pdf Graphic fil
e (type pdf)

<use pictures/hamamatsu_signal_295K_4_5OV_rus-eps-converted-to.pdf>
Package pdftex.def Info: pictures/hamamatsu_signal_295K_4_5OV_rus-eps-converted
-to.pdf used on input line 153.
(pdftex.def)             Requested size: 227.62204pt x 215.63448pt.


LaTeX Warning: `h' float specifier changed to `ht'.

[18 <D:/git_repositories/PhD/paper_1/pictures/sipm_spectrum_rus-eps-converted-t
o.pdf>]
Package epstopdf Info: Source file: <pictures/hamamatsu_signal_295K_4_5OV_amp_r
us.eps>
(epstopdf)                    date: 2015-12-30 19:16:52
(epstopdf)                    size: 99426 bytes
(epstopdf)             Output file: <pictures/hamamatsu_signal_295K_4_5OV_amp_r
us-eps-converted-to.pdf>
(epstopdf)                    date: 2015-12-30 19:18:14
(epstopdf)                    size: 42654 bytes
(epstopdf)             Command: <epstopdf --outfile=pictures/hamamatsu_signal_2
95K_4_5OV_amp_rus-eps-converted-to.pdf pictures/hamamatsu_signal_295K_4_5OV_amp
_rus.eps>
(epstopdf)             \includegraphics on input line 168.
Package epstopdf Info: Output file is already uptodate.

<pictures/hamamatsu_signal_295K_4_5OV_amp_rus-eps-converted-to.pdf, id=293, 815
.045pt x 795.97375pt>
File: pictures/hamamatsu_signal_295K_4_5OV_amp_rus-eps-converted-to.pdf Graphic
 file (type pdf)

<use pictures/hamamatsu_signal_295K_4_5OV_amp_rus-eps-converted-to.pdf>
Package pdftex.def Info: pictures/hamamatsu_signal_295K_4_5OV_amp_rus-eps-conve
rted-to.pdf used on input line 168.
(pdftex.def)             Requested size: 227.62204pt x 222.28815pt.


LaTeX Warning: `h' float specifier changed to `ht'.

Package epstopdf Info: Source file: <pictures/revo_time_vs_temp_ham_4_5_OV_rus.
eps>
(epstopdf)                    date: 2015-12-30 19:28:55
(epstopdf)                    size: 148423 bytes
(epstopdf)             Output file: <pictures/revo_time_vs_temp_ham_4_5_OV_rus-
eps-converted-to.pdf>
(epstopdf)                    date: 2015-12-30 19:30:26
(epstopdf)                    size: 58840 bytes
(epstopdf)             Command: <epstopdf --outfile=pictures/revo_time_vs_temp_
ham_4_5_OV_rus-eps-converted-to.pdf pictures/revo_time_vs_temp_ham_4_5_OV_rus.e
ps>
(epstopdf)             \includegraphics on input line 180.
Package epstopdf Info: Output file is already uptodate.

<pictures/revo_time_vs_temp_ham_4_5_OV_rus-eps-converted-to.pdf, id=294, 821.06
75pt x 790.955pt>
File: pictures/revo_time_vs_temp_ham_4_5_OV_rus-eps-converted-to.pdf Graphic fi
le (type pdf)

<use pictures/revo_time_vs_temp_ham_4_5_OV_rus-eps-converted-to.pdf>
Package pdftex.def Info: pictures/revo_time_vs_temp_ham_4_5_OV_rus-eps-converte
d-to.pdf used on input line 180.
(pdftex.def)             Requested size: 227.62204pt x 219.26933pt.


LaTeX Warning: `h' float specifier changed to `ht'.

<pictures/recovery_time-ketec_11_4_5OV.pdf, id=295, 821.0675pt x 572.1375pt>
File: pictures/recovery_time-ketec_11_4_5OV.pdf Graphic file (type pdf)

<use pictures/recovery_time-ketec_11_4_5OV.pdf>
Package pdftex.def Info: pictures/recovery_time-ketec_11_4_5OV.pdf used on inpu
t line 187.
(pdftex.def)             Requested size: 227.62204pt x 158.60852pt.


LaTeX Warning: `h' float specifier changed to `ht'.

<pictures/recovery_time_ketec_11_265K.pdf, id=296, 821.0675pt x 572.1375pt>
File: pictures/recovery_time_ketec_11_265K.pdf Graphic file (type pdf)

<use pictures/recovery_time_ketec_11_265K.pdf>
Package pdftex.def Info: pictures/recovery_time_ketec_11_265K.pdf used on input
 line 194.
(pdftex.def)             Requested size: 227.62204pt x 158.60852pt.


LaTeX Warning: `h' float specifier changed to `ht'.


LaTeX Warning: Reference `' on page 19 undefined on input line 200.


<pictures/recovery_time_hamamatsu_vs_ketek.pdf, id=297, 821.0675pt x 572.1375pt
>
File: pictures/recovery_time_hamamatsu_vs_ketek.pdf Graphic file (type pdf)
 <use pictures/recovery_time_hamamatsu_vs_ketek.pdf>
Package pdftex.def Info: pictures/recovery_time_hamamatsu_vs_ketek.pdf used on 
input line 202.
(pdftex.def)             Requested size: 227.62204pt x 158.60852pt.

Overfull \hbox (7.2499pt too wide) in paragraph at lines 200--207
[]\T2A/cmr/m/n/12 На рис. [] при-ве-де-ны фор-мы од-но-элек-трон-ных сиг-на-лов
 для Hamamatsu S10362-
 []


LaTeX Warning: `h' float specifier changed to `ht'.

[19 <D:/git_repositories/PhD/paper_1/pictures/VD_hamamatsu_3d_1.pdf> <D:/git_re
positories/PhD/paper_1/pictures/VD_hamamatsu_3d_2.pdf

pdfTeX warning: pdflatex.exe (file D:/git_repositories/PhD/paper_1/pictures/VD_
hamamatsu_3d_2.pdf): PDF inclusion: multiple pdfs with page group included in a
 single page
>] [20 <D:/git_repositories/PhD/paper_1/pictures/V_bd_KETEK_rus-eps-converted-t
o.pdf>] <pictures/tektronix_generator.pdf, id=536, 821.0675pt x 572.1375pt>
File: pictures/tektronix_generator.pdf Graphic file (type pdf)

<use pictures/tektronix_generator.pdf>
Package pdftex.def Info: pictures/tektronix_generator.pdf used on input line 25
0.
(pdftex.def)             Requested size: 227.62204pt x 158.60852pt.


LaTeX Warning: `h' float specifier changed to `ht'.


Overfull \hbox (2.43863pt too wide) in paragraph at lines 262--264
[]\T2A/cmr/m/n/12 Временное раз-ре-ше-ние ос-цил-ло-гра-фа пред-по-ла-га-ет-ся 
зна-чи-тель-но луч-шим, чем
 []

[21 <D:/git_repositories/PhD/paper_1/pictures/V_bd_Hamamatsu_rus-eps-converted-
to.pdf>]
<pictures/generator_amp_tektronix.pdf, id=563, 821.0675pt x 572.1375pt>
File: pictures/generator_amp_tektronix.pdf Graphic file (type pdf)

<use pictures/generator_amp_tektronix.pdf>
Package pdftex.def Info: pictures/generator_amp_tektronix.pdf used on input lin
e 269.
(pdftex.def)             Requested size: 227.62204pt x 158.60852pt.


LaTeX Warning: `h' float specifier changed to `ht'.

[22 <D:/git_repositories/PhD/paper_1/pictures/install_tektronix.pdf>]
Underfull \hbox (badness 10000) in paragraph at lines 306--306
[]\T2A/cmr/m/n/12 Параметр /
 []


Underfull \hbox (badness 10000) in paragraph at lines 306--306
[]\T2A/cmr/m/n/12 KETEK
 []


Underfull \hbox (badness 10000) in paragraph at lines 306--306
\T2A/cmr/m/n/12 PM3325NP-
 []


Underfull \hbox (badness 10000) in paragraph at lines 306--306
[]\T2A/cmr/m/n/12 KETEK
 []


Underfull \hbox (badness 10000) in paragraph at lines 306--306
\T2A/cmr/m/n/12 PM1125NS-
 []


Underfull \hbox (badness 10000) in paragraph at lines 306--306
[]\T2A/cmr/m/n/12 Hamamatsu
 []


Underfull \hbox (badness 10000) in paragraph at lines 306--307
[]\T2A/cmr/m/n/12 Hamamatsu
 []


Overfull \hbox (45.77357pt too wide) in paragraph at lines 304--321
 [] 
 []

[23 <D:/git_repositories/PhD/paper_1/pictures/hamamatsu_signal_295K_4_5OV_rus-e
ps-converted-to.pdf>] [24 <D:/git_repositories/PhD/paper_1/pictures/hamamatsu_s
ignal_295K_4_5OV_amp_rus-eps-converted-to.pdf>] [25 <D:/git_repositories/PhD/pa
per_1/pictures/revo_time_vs_temp_ham_4_5_OV_rus-eps-converted-to.pdf>] [26 <D:/
git_repositories/PhD/paper_1/pictures/recovery_time-ketec_11_4_5OV.pdf> <D:/git
_repositories/PhD/paper_1/pictures/recovery_time_ketec_11_265K.pdf>]
<pictures/Hamamatsu_S10362-11-100C_295K_1OV_amp_th.pdf, id=822, 821.0675pt x 57
2.1375pt>
File: pictures/Hamamatsu_S10362-11-100C_295K_1OV_amp_th.pdf Graphic file (type 
pdf)
 <use pictures/Hamamatsu_S10362-11-100C_295K_1OV_amp_th.pdf>
Package pdftex.def Info: pictures/Hamamatsu_S10362-11-100C_295K_1OV_amp_th.pdf 
used on input line 366.
(pdftex.def)             Requested size: 227.62204pt x 158.60852pt.


LaTeX Warning: `h' float specifier changed to `ht'.


<pictures/Hamamatsu_S10362-11-100C_295K_1OV_der_th.pdf, id=823, 821.0675pt x 57
2.1375pt>
File: pictures/Hamamatsu_S10362-11-100C_295K_1OV_der_th.pdf Graphic file (type 
pdf)
 <use pictures/Hamamatsu_S10362-11-100C_295K_1OV_der_th.pdf>
Package pdftex.def Info: pictures/Hamamatsu_S10362-11-100C_295K_1OV_der_th.pdf 
used on input line 384.
(pdftex.def)             Requested size: 227.62204pt x 158.60852pt.


LaTeX Warning: `h' float specifier changed to `ht'.

[27 <D:/git_repositories/PhD/paper_1/pictures/recovery_time_hamamatsu_vs_ketek.
pdf>] [28 <D:/git_repositories/PhD/paper_1/pictures/tektronix_generator.pdf> <D
:/git_repositories/PhD/paper_1/pictures/generator_amp_tektronix.pdf>]
<pictures/Hamamatsu_S10362-11-100C_303K_70V_dt_example.pdf, id=1058, 821.0675pt
 x 572.1375pt>
File: pictures/Hamamatsu_S10362-11-100C_303K_70V_dt_example.pdf Graphic file (t
ype pdf)
 <use pictures/Hamamatsu_S10362-11-100C_303K_70V_dt_example.pdf>
Package pdftex.def Info: pictures/Hamamatsu_S10362-11-100C_303K_70V_dt_example.
pdf used on input line 418.
(pdftex.def)             Requested size: 227.62204pt x 158.60852pt.


LaTeX Warning: `h' float specifier changed to `ht'.

[29 <D:/git_repositories/PhD/paper_1/pictures/Hamamatsu_S10362-11-100C_295K_1OV
_amp_th.pdf> <D:/git_repositories/PhD/paper_1/pictures/Hamamatsu_S10362-11-100C
_295K_1OV_der_th.pdf>]
Overfull \hbox (0.96982pt too wide) in paragraph at lines 430--434
[]\T2A/cmr/m/n/12 В дру-гом пре-дель-ном слу-чае при ис-поль-зо-ва-нии за-ни-же
н-но-го по-ро-га по $\OML/cmm/m/it/12 []=Dof$
 []


<pictures/Hamamatsu_S10362-11-100C_303K_70V_Chi2_amp_1.pdf, id=1244, 821.0675pt
 x 572.1375pt>
File: pictures/Hamamatsu_S10362-11-100C_303K_70V_Chi2_amp_1.pdf Graphic file (t
ype pdf)
 <use pictures/Hamamatsu_S10362-11-100C_303K_70V_Chi2_amp_1.pdf>
Package pdftex.def Info: pictures/Hamamatsu_S10362-11-100C_303K_70V_Chi2_amp_1.
pdf used on input line 443.
(pdftex.def)             Requested size: 227.62204pt x 158.60852pt.

[30 <D:/git_repositories/PhD/paper_1/pictures/Hamamatsu_S10362-11-100C_303K_70V
_dt_example.pdf>]
<pictures/Hamamatsu_S10362-11-100C_295K_1_OV_Chi2_amp1_amp2.pdf, id=1327, 821.0
675pt x 572.1375pt>
File: pictures/Hamamatsu_S10362-11-100C_295K_1_OV_Chi2_amp1_amp2.pdf Graphic fi
le (type pdf)

<use pictures/Hamamatsu_S10362-11-100C_295K_1_OV_Chi2_amp1_amp2.pdf>
Package pdftex.def Info: pictures/Hamamatsu_S10362-11-100C_295K_1_OV_Chi2_amp1_
amp2.pdf used on input line 455.
(pdftex.def)             Requested size: 227.62204pt x 158.60852pt.

Underfull \hbox (badness 2318) in paragraph at lines 457--457
[]\T2A/cmr/m/n/12 Рис. 26. Кор-ре-ля-ция ам-пли-ту-да - $\OML/cmm/m/it/12 []=D
of$ \T2A/cmr/m/n/12 при ап-прок-си-ма-ции мно-же-ства
 []


<pictures/Hamamatsu_S10362-11-100C_295K_1_OV_amp1_amp2_dt_A2.pdf, id=1328, 821.
0675pt x 572.1375pt>
File: pictures/Hamamatsu_S10362-11-100C_295K_1_OV_amp1_amp2_dt_A2.pdf Graphic f
ile (type pdf)

<use pictures/Hamamatsu_S10362-11-100C_295K_1_OV_amp1_amp2_dt_A2.pdf>
Package pdftex.def Info: pictures/Hamamatsu_S10362-11-100C_295K_1_OV_amp1_amp2_
dt_A2.pdf used on input line 465.
(pdftex.def)             Requested size: 227.62204pt x 158.60852pt.


LaTeX Warning: `h' float specifier changed to `ht'.

[31 <D:/git_repositories/PhD/paper_1/pictures/Hamamatsu_S10362-11-100C_303K_70V
_Chi2_amp_1.pdf> <D:/git_repositories/PhD/paper_1/pictures/Hamamatsu_S10362-11-
100C_295K_1_OV_Chi2_amp1_amp2.pdf>]
<pictures/Hamamatsu_S10362-11-100C_295K_1_OV_amp1_amp2_dt_B2.pdf, id=1447, 821.
0675pt x 572.1375pt>
File: pictures/Hamamatsu_S10362-11-100C_295K_1_OV_amp1_amp2_dt_B2.pdf Graphic f
ile (type pdf)

<use pictures/Hamamatsu_S10362-11-100C_295K_1_OV_amp1_amp2_dt_B2.pdf>
Package pdftex.def Info: pictures/Hamamatsu_S10362-11-100C_295K_1_OV_amp1_amp2_
dt_B2.pdf used on input line 480.
(pdftex.def)             Requested size: 227.62204pt x 158.60852pt.
 [32 <D:/git_repositories/PhD/paper_1/pictures/Hamamatsu_S10362-11-100C_295K_1_
OV_amp1_amp2_dt_A2.pdf> <D:/git_repositories/PhD/paper_1/pictures/Hamamatsu_S10
362-11-100C_295K_1_OV_amp1_amp2_dt_B2.pdf>] [33]
<pictures/Hamamatsu_S10362-11-100C_295K_1_OV_dt_spectrum.pdf, id=1620, 569.1262
5pt x 385.44pt>
File: pictures/Hamamatsu_S10362-11-100C_295K_1_OV_dt_spectrum.pdf Graphic file 
(type pdf)

<use pictures/Hamamatsu_S10362-11-100C_295K_1_OV_dt_spectrum.pdf>
Package pdftex.def Info: pictures/Hamamatsu_S10362-11-100C_295K_1_OV_dt_spectru
m.pdf used on input line 521.
(pdftex.def)             Requested size: 227.62204pt x 154.15562pt.

<pictures/Hamamatsu_S10362-11-100C_295K_1_OV_dt_spectrum_timecut.pdf, id=1621, 
821.0675pt x 572.1375pt>
File: pictures/Hamamatsu_S10362-11-100C_295K_1_OV_dt_spectrum_timecut.pdf Graph
ic file (type pdf)

<use pictures/Hamamatsu_S10362-11-100C_295K_1_OV_dt_spectrum_timecut.pdf>
Package pdftex.def Info: pictures/Hamamatsu_S10362-11-100C_295K_1_OV_dt_spectru
m_timecut.pdf used on input line 538.
(pdftex.def)             Requested size: 227.62204pt x 158.60852pt.

[34 <D:/git_repositories/PhD/paper_1/pictures/Hamamatsu_S10362-11-100C_295K_1_O
V_dt_spectrum.pdf, page is rotated 90 degrees> <D:/git_repositories/PhD/paper_1
/pictures/Hamamatsu_S10362-11-100C_295K_1_OV_dt_spectrum_timecut.pdf>]
<pictures/Hamamatsu_S10362-11-100C_dc_vs_T.pdf, id=1729, 821.0675pt x 572.1375p
t>
File: pictures/Hamamatsu_S10362-11-100C_dc_vs_T.pdf Graphic file (type pdf)
 <use pictures/Hamamatsu_S10362-11-100C_dc_vs_T.pdf>
Package pdftex.def Info: pictures/Hamamatsu_S10362-11-100C_dc_vs_T.pdf used on 
input line 561.
(pdftex.def)             Requested size: 227.62204pt x 158.60852pt.

<pictures/Hamamatsu_S10362-11-100C_dc_vs_V.pdf, id=1730, 821.0675pt x 572.1375p
t>
File: pictures/Hamamatsu_S10362-11-100C_dc_vs_V.pdf Graphic file (type pdf)
 <use pictures/Hamamatsu_S10362-11-100C_dc_vs_V.pdf>
Package pdftex.def Info: pictures/Hamamatsu_S10362-11-100C_dc_vs_V.pdf used on 
input line 576.
(pdftex.def)             Requested size: 227.62204pt x 158.60852pt.


LaTeX Warning: `h' float specifier changed to `ht'.

[35 <D:/git_repositories/PhD/paper_1/pictures/Hamamatsu_S10362-11-100C_dc_vs_T.
pdf>] [36 <D:/git_repositories/PhD/paper_1/pictures/Hamamatsu_S10362-11-100C_dc
_vs_V.pdf>]
<pictures/Hamamatsu_S10362-11-100C_xtalk_vs_T.pdf, id=1925, 821.0675pt x 572.13
75pt>
File: pictures/Hamamatsu_S10362-11-100C_xtalk_vs_T.pdf Graphic file (type pdf)
 <use pictures/Hamamatsu_S10362-11-100C_xtalk_vs_T.pdf>
Package pdftex.def Info: pictures/Hamamatsu_S10362-11-100C_xtalk_vs_T.pdf used 
on input line 633.
(pdftex.def)             Requested size: 227.62204pt x 158.60852pt.


LaTeX Warning: `h' float specifier changed to `ht'.


<pictures/Hamamatsu_S10362-11-100C_xtalk_vs_V.pdf, id=1926, 821.0675pt x 572.13
75pt>
File: pictures/Hamamatsu_S10362-11-100C_xtalk_vs_V.pdf Graphic file (type pdf)
 <use pictures/Hamamatsu_S10362-11-100C_xtalk_vs_V.pdf>
Package pdftex.def Info: pictures/Hamamatsu_S10362-11-100C_xtalk_vs_V.pdf used 
on input line 641.
(pdftex.def)             Requested size: 227.62204pt x 158.60852pt.


LaTeX Warning: `h' float specifier changed to `ht'.

[37]
Underfull \hbox (badness 10000) in paragraph at lines 665--665
[]\T2A/cmr/m/n/12 Параметр /
 []


Underfull \hbox (badness 10000) in paragraph at lines 665--665
[]\T2A/cmr/m/n/12 KETEK
 []


Underfull \hbox (badness 10000) in paragraph at lines 665--665
\T2A/cmr/m/n/12 PM3325NP-
 []


Underfull \hbox (badness 10000) in paragraph at lines 665--665
[]\T2A/cmr/m/n/12 KETEK
 []


Underfull \hbox (badness 10000) in paragraph at lines 665--665
\T2A/cmr/m/n/12 PM1125NS-
 []


Underfull \hbox (badness 10000) in paragraph at lines 665--665
[]\T2A/cmr/m/n/12 Hamamatsu
 []


Underfull \hbox (badness 10000) in paragraph at lines 665--666
[]\T2A/cmr/m/n/12 Hamamatsu
 []


Overfull \hbox (45.77357pt too wide) in paragraph at lines 663--670
 [] 
 []

[38 <D:/git_repositories/PhD/paper_1/pictures/Hamamatsu_S10362-11-100C_xtalk_vs
_T.pdf> <D:/git_repositories/PhD/paper_1/pictures/Hamamatsu_S10362-11-100C_xtal
k_vs_V.pdf>]
<pictures/Hamamatsu_S10362-11-100C_xtalk_ratio_vs_T.pdf, id=2112, 821.0675pt x 
572.1375pt>
File: pictures/Hamamatsu_S10362-11-100C_xtalk_ratio_vs_T.pdf Graphic file (type
 pdf)
 <use pictures/Hamamatsu_S10362-11-100C_xtalk_ratio_vs_T.pdf>
Package pdftex.def Info: pictures/Hamamatsu_S10362-11-100C_xtalk_ratio_vs_T.pdf
 used on input line 686.
(pdftex.def)             Requested size: 227.62204pt x 158.60852pt.

<pictures/Hamamatsu_S10362-11-100C_p_f_vs_T.pdf, id=2113, 821.0675pt x 572.1375
pt>
File: pictures/Hamamatsu_S10362-11-100C_p_f_vs_T.pdf Graphic file (type pdf)
 <use pictures/Hamamatsu_S10362-11-100C_p_f_vs_T.pdf>
Package pdftex.def Info: pictures/Hamamatsu_S10362-11-100C_p_f_vs_T.pdf used on
 input line 698.
(pdftex.def)             Requested size: 227.62204pt x 158.60852pt.


LaTeX Warning: `h' float specifier changed to `ht'.


<pictures/Hamamatsu_S10362-11-100C_p_f_vs_V.pdf, id=2114, 821.0675pt x 572.1375
pt>
File: pictures/Hamamatsu_S10362-11-100C_p_f_vs_V.pdf Graphic file (type pdf)
 <use pictures/Hamamatsu_S10362-11-100C_p_f_vs_V.pdf>
Package pdftex.def Info: pictures/Hamamatsu_S10362-11-100C_p_f_vs_V.pdf used on
 input line 705.
(pdftex.def)             Requested size: 227.62204pt x 158.60852pt.


LaTeX Warning: `h' float specifier changed to `ht'.


<pictures/Hamamatsu_S10362-11-100C_p_s_vs_T.pdf, id=2115, 821.0675pt x 572.1375
pt>
File: pictures/Hamamatsu_S10362-11-100C_p_s_vs_T.pdf Graphic file (type pdf)
 <use pictures/Hamamatsu_S10362-11-100C_p_s_vs_T.pdf>
Package pdftex.def Info: pictures/Hamamatsu_S10362-11-100C_p_s_vs_T.pdf used on
 input line 712.
(pdftex.def)             Requested size: 227.62204pt x 158.60852pt.


LaTeX Warning: `h' float specifier changed to `ht'.


<pictures/Hamamatsu_S10362-11-100C_p_s_vs_V.pdf, id=2116, 821.0675pt x 572.1375
pt>
File: pictures/Hamamatsu_S10362-11-100C_p_s_vs_V.pdf Graphic file (type pdf)
 <use pictures/Hamamatsu_S10362-11-100C_p_s_vs_V.pdf>
Package pdftex.def Info: pictures/Hamamatsu_S10362-11-100C_p_s_vs_V.pdf used on
 input line 719.
(pdftex.def)             Requested size: 227.62204pt x 158.60852pt.


LaTeX Warning: `h' float specifier changed to `ht'.


<pictures/Hamamatsu_S10362-11-100C_tau_f_vs_T.pdf, id=2117, 821.0675pt x 572.13
75pt>
File: pictures/Hamamatsu_S10362-11-100C_tau_f_vs_T.pdf Graphic file (type pdf)
 <use pictures/Hamamatsu_S10362-11-100C_tau_f_vs_T.pdf>
Package pdftex.def Info: pictures/Hamamatsu_S10362-11-100C_tau_f_vs_T.pdf used 
on input line 726.
(pdftex.def)             Requested size: 227.62204pt x 158.60852pt.


LaTeX Warning: `h' float specifier changed to `ht'.


<pictures/Hamamatsu_S10362-11-100C_tau_f_vs_V.pdf, id=2118, 821.0675pt x 572.13
75pt>
File: pictures/Hamamatsu_S10362-11-100C_tau_f_vs_V.pdf Graphic file (type pdf)
 <use pictures/Hamamatsu_S10362-11-100C_tau_f_vs_V.pdf>
Package pdftex.def Info: pictures/Hamamatsu_S10362-11-100C_tau_f_vs_V.pdf used 
on input line 733.
(pdftex.def)             Requested size: 227.62204pt x 158.60852pt.


LaTeX Warning: `h' float specifier changed to `ht'.


<pictures/Hamamatsu_S10362-11-100C_tau_s_vs_T.pdf, id=2119, 821.0675pt x 572.13
75pt>
File: pictures/Hamamatsu_S10362-11-100C_tau_s_vs_T.pdf Graphic file (type pdf)
 <use pictures/Hamamatsu_S10362-11-100C_tau_s_vs_T.pdf>
Package pdftex.def Info: pictures/Hamamatsu_S10362-11-100C_tau_s_vs_T.pdf used 
on input line 740.
(pdftex.def)             Requested size: 227.62204pt x 158.60852pt.


LaTeX Warning: `h' float specifier changed to `ht'.


<pictures/Hamamatsu_S10362-11-100C_tau_s_vs_V.pdf, id=2120, 821.0675pt x 572.13
75pt>
File: pictures/Hamamatsu_S10362-11-100C_tau_s_vs_V.pdf Graphic file (type pdf)
 <use pictures/Hamamatsu_S10362-11-100C_tau_s_vs_V.pdf>
Package pdftex.def Info: pictures/Hamamatsu_S10362-11-100C_tau_s_vs_V.pdf used 
on input line 747.
(pdftex.def)             Requested size: 227.62204pt x 158.60852pt.


LaTeX Warning: `h' float specifier changed to `ht'.

[39 <D:/git_repositories/PhD/paper_1/pictures/Hamamatsu_S10362-11-100C_xtalk_ra
tio_vs_T.pdf>]
Underfull \hbox (badness 10000) in paragraph at lines 762--762
[]\T2A/cmr/m/n/12 Параметр /
 []


Underfull \hbox (badness 10000) in paragraph at lines 762--762
[]\T2A/cmr/m/n/12 KETEK
 []


Underfull \hbox (badness 10000) in paragraph at lines 762--762
\T2A/cmr/m/n/12 PM3325NP-
 []


Underfull \hbox (badness 10000) in paragraph at lines 762--762
[]\T2A/cmr/m/n/12 KETEK
 []


Underfull \hbox (badness 10000) in paragraph at lines 762--762
\T2A/cmr/m/n/12 PM1125NS-
 []


Underfull \hbox (badness 10000) in paragraph at lines 762--762
[]\T2A/cmr/m/n/12 Hamamatsu
 []


Underfull \hbox (badness 10000) in paragraph at lines 762--763
[]\T2A/cmr/m/n/12 Hamamatsu
 []


Overfull \hbox (45.77357pt too wide) in paragraph at lines 760--769
 [] 
 []

[40 <D:/git_repositories/PhD/paper_1/pictures/Hamamatsu_S10362-11-100C_p_f_vs_T
.pdf> <D:/git_repositories/PhD/paper_1/pictures/Hamamatsu_S10362-11-100C_p_f_vs
_V.pdf>]
Underfull \hbox (badness 10000) in paragraph at lines 783--783
[]\T2A/cmr/m/n/12 Параметр /
 []


Underfull \hbox (badness 10000) in paragraph at lines 783--783
[]\T2A/cmr/m/n/12 KETEK
 []


Underfull \hbox (badness 10000) in paragraph at lines 783--783
\T2A/cmr/m/n/12 PM3325NP-
 []


Underfull \hbox (badness 10000) in paragraph at lines 783--783
[]\T2A/cmr/m/n/12 KETEK
 []


Underfull \hbox (badness 10000) in paragraph at lines 783--783
\T2A/cmr/m/n/12 PM1125NS-
 []


Underfull \hbox (badness 10000) in paragraph at lines 783--783
[]\T2A/cmr/m/n/12 Hamamatsu
 []


Underfull \hbox (badness 10000) in paragraph at lines 783--784
[]\T2A/cmr/m/n/12 Hamamatsu
 []


Overfull \hbox (45.77357pt too wide) in paragraph at lines 781--794
 [] 
 []

[41 <D:/git_repositories/PhD/paper_1/pictures/Hamamatsu_S10362-11-100C_p_s_vs_T
.pdf> <D:/git_repositories/PhD/paper_1/pictures/Hamamatsu_S10362-11-100C_p_s_vs
_V.pdf>] [42 <D:/git_repositories/PhD/paper_1/pictures/Hamamatsu_S10362-11-100C
_tau_f_vs_T.pdf> <D:/git_repositories/PhD/paper_1/pictures/Hamamatsu_S10362-11-
100C_tau_f_vs_V.pdf>] [43 <D:/git_repositories/PhD/paper_1/pictures/Hamamatsu_S
10362-11-100C_tau_s_vs_T.pdf> <D:/git_repositories/PhD/paper_1/pictures/Hamamat
su_S10362-11-100C_tau_s_vs_V.pdf>]
<pictures/Hamamatsu_S10362-11-100C_ENF_vs_V.pdf, id=3061, 821.0675pt x 572.1375
pt>
File: pictures/Hamamatsu_S10362-11-100C_ENF_vs_V.pdf Graphic file (type pdf)
 <use pictures/Hamamatsu_S10362-11-100C_ENF_vs_V.pdf>
Package pdftex.def Info: pictures/Hamamatsu_S10362-11-100C_ENF_vs_V.pdf used on
 input line 827.
(pdftex.def)             Requested size: 227.62204pt x 158.60852pt.

Underfull \hbox (badness 1742) in paragraph at lines 829--829
[]\T2A/cmr/m/n/12 Рис. 44. За-ви-си-мость из-бы-точ-но-го фак-то-ра шу-ма от пе
-ре-на-пря-же-ния для
 []


<pictures/Hamamatsu_S10362-11-100C_QF_vs_V.pdf, id=3062, 821.0675pt x 572.1375p
t>
File: pictures/Hamamatsu_S10362-11-100C_QF_vs_V.pdf Graphic file (type pdf)
 <use pictures/Hamamatsu_S10362-11-100C_QF_vs_V.pdf>
Package pdftex.def Info: pictures/Hamamatsu_S10362-11-100C_QF_vs_V.pdf used on 
input line 845.
(pdftex.def)             Requested size: 227.62204pt x 158.60852pt.

Underfull \hbox (badness 4595) in paragraph at lines 847--847
[]\T2A/cmr/m/n/12 Рис. 45. За-ви-си-мость кван-то-вой эф-фек-тив-но-сти от пе-р
е-на-пря-же-ния для
 []

[44 <D:/git_repositories/PhD/paper_1/pictures/Hamamatsu_S10362-11-100C_ENF_vs_V
.pdf>]
Underfull \hbox (badness 10000) in paragraph at lines 854--854
[]\T2A/cmr/m/n/12 Параметр /
 []


Underfull \hbox (badness 10000) in paragraph at lines 854--854
[]\T2A/cmr/m/n/12 KETEK
 []


Underfull \hbox (badness 10000) in paragraph at lines 854--854
\T2A/cmr/m/n/12 PM3325NP-
 []


Underfull \hbox (badness 10000) in paragraph at lines 854--854
[]\T2A/cmr/m/n/12 KETEK
 []


Underfull \hbox (badness 10000) in paragraph at lines 854--854
\T2A/cmr/m/n/12 PM1125NS-
 []


Underfull \hbox (badness 10000) in paragraph at lines 854--854
[]\T2A/cmr/m/n/12 Hamamatsu
 []


Underfull \hbox (badness 10000) in paragraph at lines 854--855
[]\T2A/cmr/m/n/12 Hamamatsu
 []


Overfull \hbox (45.77357pt too wide) in paragraph at lines 852--861
 [] 
 []

) [45 <D:/git_repositories/PhD/paper_1/pictures/Hamamatsu_S10362-11-100C_QF_vs_
V.pdf>] (D:\git_repositories\PhD\paper_1\bibliography.tex
Underfull \hbox (badness 10000) in paragraph at lines 9--10
[]\T2A/cmr/m/n/12 TOWARD A USER`S TOOLKIT FOR MODELING SCINTILLATOR
 []


Underfull \hbox (badness 1708) in paragraph at lines 20--22
[]\T2A/cmr/m/n/12 Characterisation Studies of Silicon Photomultipliers Patrick 
Eckert, Hans-
 []

) [46


] [47] (D:\git_repositories\PhD\paper_1\main.aux
(D:\git_repositories\PhD\paper_1\content_theory.aux)
(D:\git_repositories\PhD\paper_1\content_experiment.aux)
(D:\git_repositories\PhD\paper_1\bibliography.aux))

LaTeX Warning: There were undefined references.


LaTeX Warning: There were multiply-defined labels.

 ) 
Here is how much of TeX's memory you used:
 5328 strings out of 493921
 80973 string characters out of 3150556
 143575 words of memory out of 3000000
 8345 multiletter control sequences out of 15000+200000
 19913 words of font info for 51 fonts, out of 3000000 for 9000
 841 hyphenation exceptions out of 8191
 42i,12n,28p,472b,279s stack positions out of 5000i,500n,10000p,200000b,50000s
{D:/LaTex/Full_TeX/texmf/fonts/enc/dvips/cm-super/cm-super-t2a.enc}<D:/LaTex/
Full_TeX/texmf/fonts/type1/public/amsfonts/cm/cmex10.pfb><D:/LaTex/Full_TeX/tex
mf/fonts/type1/public/amsfonts/cmextra/cmex8.pfb><D:/LaTex/Full_TeX/texmf/fonts
/type1/public/amsfonts/cm/cmmi12.pfb><D:/LaTex/Full_TeX/texmf/fonts/type1/publi
c/amsfonts/cm/cmmi6.pfb><D:/LaTex/Full_TeX/texmf/fonts/type1/public/amsfonts/cm
/cmmi8.pfb><D:/LaTex/Full_TeX/texmf/fonts/type1/public/amsfonts/cm/cmr12.pfb><D
:/LaTex/Full_TeX/texmf/fonts/type1/public/amsfonts/cm/cmr6.pfb><D:/LaTex/Full_T
eX/texmf/fonts/type1/public/amsfonts/cm/cmr8.pfb><D:/LaTex/Full_TeX/texmf/fonts
/type1/public/amsfonts/cm/cmsy10.pfb><D:/LaTex/Full_TeX/texmf/fonts/type1/publi
c/amsfonts/cm/cmsy8.pfb><D:/LaTex/Full_TeX/texmf/fonts/type1/public/cm-super/sf
bx1200.pfb><D:/LaTex/Full_TeX/texmf/fonts/type1/public/cm-super/sfbx1440.pfb><D
:/LaTex/Full_TeX/texmf/fonts/type1/public/cm-super/sfbx1728.pfb><D:/LaTex/Full_
TeX/texmf/fonts/type1/public/cm-super/sfbx2488.pfb><D:/LaTex/Full_TeX/texmf/fon
ts/type1/public/cm-super/sfrm0800.pfb><D:/LaTex/Full_TeX/texmf/fonts/type1/publ
ic/cm-super/sfrm1200.pfb><D:/LaTex/Full_TeX/texmf/fonts/type1/public/cm-super/s
fti1200.pfb>
Output written on main.pdf (47 pages, 7259371 bytes).
PDF statistics:
 3336 PDF objects out of 3580 (max. 8388607)
 0 named destinations out of 1000 (max. 500000)
 246 words of extra memory for PDF output out of 10000 (max. 10000000)

